2025-12-01 14:31:50.929+0000 [id=1]	INFO	winstone.Logger#logInternal: Beginning extraction from war file
2025-12-01 14:31:51.117+0000 [id=1]	WARNING	o.e.j.ee9.nested.ContextHandler#setContextPath: Empty contextPath
2025-12-01 14:31:51.273+0000 [id=1]	INFO	org.eclipse.jetty.server.Server#doStart: jetty-12.0.25; built: 2025-08-11T23:52:37.219Z; git: a862b76d8372e24205765182d9ae1d1d333ce2ea; jvm 21.0.7+8-LTS-245
2025-12-01 14:31:52.956+0000 [id=1]	INFO	o.e.j.e.w.StandardDescriptorProcessor#visitServlet: NO JSP Support for /, did not find org.eclipse.jetty.ee9.jsp.JettyJspServlet
2025-12-01 14:31:53.081+0000 [id=1]	INFO	o.e.j.s.DefaultSessionIdManager#doStart: Session workerName=node0
2025-12-01 14:31:54.049+0000 [id=1]	INFO	hudson.WebAppMain#contextInitialized: Jenkins home directory: C:\ProgramData\Jenkins\.jenkins found at: EnvVars.masterEnvVars.get("JENKINS_HOME")
2025-12-01 14:31:54.262+0000 [id=1]	INFO	o.e.j.s.handler.ContextHandler#doStart: Started oeje9n.ContextHandler$CoreContextHandler@74d7184a{Jenkins v2.528.2,/,b=file:///C:/ProgramData/Jenkins/war/,a=AVAILABLE,h=oeje9n.ContextHandler$CoreContextHandler$CoreToNestedHandler@51b01960{STARTED}}
2025-12-01 14:31:54.305+0000 [id=1]	INFO	o.e.j.server.AbstractConnector#doStart: Started ServerConnector@c20be82{HTTP/1.1, (http/1.1)}{0.0.0.0:8080}
2025-12-01 14:31:54.327+0000 [id=1]	INFO	org.eclipse.jetty.server.Server#doStart: Started oejs.Server@20ce78ec{STARTING}[12.0.25,sto=0] @4879ms
2025-12-01 14:31:54.327+0000 [id=39]	INFO	winstone.Logger#logInternal: Winstone Servlet Engine running: controlPort=disabled
2025-12-01 14:31:54.585+0000 [id=38]	INFO	jenkins.model.Jenkins#<init>: Starting version 2.528.2
2025-12-01 14:31:55.026+0000 [id=46]	INFO	jenkins.InitReactorRunner$1#onAttained: Started initialization
2025-12-01 14:31:55.483+0000 [id=48]	INFO	jenkins.InitReactorRunner$1#onAttained: Listed all plugins
2025-12-01 14:32:03.841+0000 [id=51]	INFO	jenkins.InitReactorRunner$1#onAttained: Prepared all plugins
2025-12-01 14:32:03.887+0000 [id=47]	INFO	jenkins.InitReactorRunner$1#onAttained: Started all plugins
2025-12-01 14:32:03.893+0000 [id=56]	INFO	jenkins.InitReactorRunner$1#onAttained: Augmented all extensions
2025-12-01 14:32:04.450+0000 [id=49]	INFO	h.p.b.g.GlobalTimeOutConfiguration#load: global timeout not set
2025-12-01 14:32:07.513+0000 [id=48]	INFO	jenkins.InitReactorRunner$1#onAttained: System config loaded
2025-12-01 14:32:07.517+0000 [id=51]	INFO	jenkins.InitReactorRunner$1#onAttained: System config adapted
2025-12-01 14:32:07.847+0000 [id=52]	INFO	jenkins.InitReactorRunner$1#onAttained: Loaded all jobs
2025-12-01 14:32:07.868+0000 [id=52]	INFO	jenkins.InitReactorRunner$1#onAttained: Configuration for all jobs updated
2025-12-01 14:32:08.002+0000 [id=59]	INFO	jenkins.InitReactorRunner$1#onAttained: Completed initialization
2025-12-01 14:32:08.173+0000 [id=38]	INFO	hudson.lifecycle.Lifecycle#onReady: Jenkins is fully up and running
2025-12-01 15:25:43.544+0000 [id=94]	INFO	hudson.util.Retrier#start: Attempt #1 to do the action check updates server
2025-12-01 15:25:44.229+0000 [id=94]	INFO	hudson.util.Retrier#start: The attempt #1 to do the action check updates server failed with an allowed exception:
java.security.InvalidAlgorithmParameterException: the trustAnchors parameter must be non-empty
	at java.base/java.security.cert.PKIXParameters.setTrustAnchors(PKIXParameters.java:200)
	at java.base/java.security.cert.PKIXParameters.<init>(PKIXParameters.java:120)
	at java.base/java.security.cert.PKIXBuilderParameters.<init>(PKIXBuilderParameters.java:104)
	at java.base/sun.security.validator.PKIXValidator.<init>(PKIXValidator.java:94)
Caused: java.lang.RuntimeException: Unexpected error
	at java.base/sun.security.validator.PKIXValidator.<init>(PKIXValidator.java:97)
	at java.base/sun.security.validator.Validator.getInstance(Validator.java:173)
	at java.base/sun.security.ssl.X509TrustManagerImpl.getValidator(X509TrustManagerImpl.java:308)
	at java.base/sun.security.ssl.X509TrustManagerImpl.checkTrustedInit(X509TrustManagerImpl.java:183)
	at java.base/sun.security.ssl.X509TrustManagerImpl.checkTrusted(X509TrustManagerImpl.java:198)
	at java.base/sun.security.ssl.X509TrustManagerImpl.checkServerTrusted(X509TrustManagerImpl.java:132)
	at java.base/sun.security.ssl.CertificateMessage$T13CertificateConsumer.checkServerCerts(CertificateMessage.java:1302)
	at java.base/sun.security.ssl.CertificateMessage$T13CertificateConsumer.onConsumeCertificate(CertificateMessage.java:1195)
	at java.base/sun.security.ssl.CertificateMessage$T13CertificateConsumer.consume(CertificateMessage.java:1138)
	at java.base/sun.security.ssl.SSLHandshake.consume(SSLHandshake.java:393)
	at java.base/sun.security.ssl.HandshakeContext.dispatch(HandshakeContext.java:476)
	at java.base/sun.security.ssl.HandshakeContext.dispatch(HandshakeContext.java:447)
	at java.base/sun.security.ssl.TransportContext.dispatch(TransportContext.java:206)
	at java.base/sun.security.ssl.SSLTransport.decode(SSLTransport.java:172)
	at java.base/sun.security.ssl.SSLSocketImpl.decode(SSLSocketImpl.java:1506)
	at java.base/sun.security.ssl.SSLSocketImpl.readHandshakeRecord(SSLSocketImpl.java:1421)
	at java.base/sun.security.ssl.SSLSocketImpl.startHandshake(SSLSocketImpl.java:455)
Caused: javax.net.ssl.SSLException: Unexpected error: java.security.InvalidAlgorithmParameterException: the trustAnchors parameter must be non-empty
	at java.base/sun.security.ssl.Alert.createSSLException(Alert.java:132)
	at java.base/sun.security.ssl.TransportContext.fatal(TransportContext.java:383)
	at java.base/sun.security.ssl.TransportContext.fatal(TransportContext.java:326)
	at java.base/sun.security.ssl.TransportContext.fatal(TransportContext.java:321)
	at java.base/sun.security.ssl.SSLSocketImpl.handleException(SSLSocketImpl.java:1708)
	at java.base/sun.security.ssl.SSLSocketImpl.startHandshake(SSLSocketImpl.java:470)
	at java.base/sun.security.ssl.SSLSocketImpl.startHandshake(SSLSocketImpl.java:426)
	at java.base/sun.net.www.protocol.https.HttpsClient.afterConnect(HttpsClient.java:586)
	at java.base/sun.net.www.protocol.https.AbstractDelegateHttpsURLConnection.connect(AbstractDelegateHttpsURLConnection.java:187)
	at java.base/sun.net.www.protocol.http.HttpURLConnection.getInputStream0(HttpURLConnection.java:1690)
	at java.base/sun.net.www.protocol.http.HttpURLConnection.getInputStream(HttpURLConnection.java:1614)
	at java.base/sun.net.www.protocol.https.HttpsURLConnectionImpl.getInputStream(HttpsURLConnectionImpl.java:223)
	at hudson.model.DownloadService.loadJSON(DownloadService.java:122)
	at hudson.model.UpdateSite.updateDirectlyNow(UpdateSite.java:240)
	at hudson.model.UpdateSite.updateDirectlyNow(UpdateSite.java:235)
	at hudson.PluginManager.checkUpdatesServer(PluginManager.java:2177)
	at hudson.util.Retrier.start(Retrier.java:62)
	at hudson.PluginManager.doCheckUpdatesServer(PluginManager.java:2148)
	at java.base/java.lang.invoke.MethodHandle.invokeWithArguments(MethodHandle.java:733)
	at org.kohsuke.stapler.Function$MethodFunction.invoke(Function.java:484)
	at org.kohsuke.stapler.Function$InstanceFunction.invoke(Function.java:497)
	at org.kohsuke.stapler.interceptor.RequirePOST$Processor.invoke(RequirePOST.java:79)
	at org.kohsuke.stapler.PreInvokeInterceptedFunction.invoke(PreInvokeInterceptedFunction.java:26)
	at org.kohsuke.stapler.Function.bindAndInvoke(Function.java:218)
	at org.kohsuke.stapler.Function.bindAndInvokeAndServeResponse(Function.java:140)
	at org.kohsuke.stapler.MetaClass$12.doDispatch(MetaClass.java:686)
	at org.kohsuke.stapler.NameBasedDispatcher.dispatch(NameBasedDispatcher.java:61)
	at org.kohsuke.stapler.Stapler.tryInvoke(Stapler.java:800)
	at org.kohsuke.stapler.Stapler.invoke(Stapler.java:938)
	at org.kohsuke.stapler.MetaClass$1.doDispatch(MetaClass.java:183)
	at org.kohsuke.stapler.NameBasedDispatcher.dispatch(NameBasedDispatcher.java:61)
	at org.kohsuke.stapler.Stapler.tryInvoke(Stapler.java:800)
	at org.kohsuke.stapler.Stapler.invoke(Stapler.java:938)
	at org.kohsuke.stapler.Stapler.tryInvoke(Stapler.java:871)
	at org.kohsuke.stapler.Stapler.invoke(Stapler.java:938)
	at org.kohsuke.stapler.MetaClass$10.dispatch(MetaClass.java:590)
	at org.kohsuke.stapler.Stapler.tryInvoke(Stapler.java:800)
	at org.kohsuke.stapler.Stapler.invoke(Stapler.java:938)
	at org.kohsuke.stapler.Stapler.invoke(Stapler.java:721)
	at org.kohsuke.stapler.Stapler.service(Stapler.java:253)
	at Jenkins Main ClassLoader//jakarta.servlet.http.HttpServlet.service(HttpServlet.java:587)
	at Jenkins Main ClassLoader//org.eclipse.jetty.ee9.servlet.ServletHolder.handle(ServletHolder.java:780)
	at Jenkins Main ClassLoader//org.eclipse.jetty.ee9.servlet.ServletHandler$ChainEnd.doFilter(ServletHandler.java:1668)
	at hudson.util.PluginServletFilter$1.doFilter(PluginServletFilter.java:204)
	at PluginClassLoader for metrics//jenkins.metrics.impl.MetricsFilter.doFilter(MetricsFilter.java:125)
	at hudson.util.PluginServletFilter$1.doFilter(PluginServletFilter.java:201)
	at jenkins.util.HttpServletFilter$1.doFilter(HttpServletFilter.java:77)
	at hudson.util.PluginServletFilter$1.doFilter(PluginServletFilter.java:201)
	at hudson.util.PluginServletFilter.doFilter(PluginServletFilter.java:207)
	at Jenkins Main ClassLoader//org.eclipse.jetty.ee9.servlet.FilterHolder.doFilter(FilterHolder.java:202)
	at Jenkins Main ClassLoader//org.eclipse.jetty.ee9.servlet.ServletHandler$Chain.doFilter(ServletHandler.java:1638)
	at jenkins.ErrorAttributeFilter.doFilter(ErrorAttributeFilter.java:29)
	at Jenkins Main ClassLoader//org.eclipse.jetty.ee9.servlet.FilterHolder.doFilter(FilterHolder.java:202)
	at Jenkins Main ClassLoader//org.eclipse.jetty.ee9.servlet.ServletHandler$Chain.doFilter(ServletHandler.java:1638)
	at hudson.security.csrf.CrumbFilter.doFilter(CrumbFilter.java:154)
	at Jenkins Main ClassLoader//org.eclipse.jetty.ee9.servlet.FilterHolder.doFilter(FilterHolder.java:202)
	at Jenkins Main ClassLoader//org.eclipse.jetty.ee9.servlet.ServletHandler$Chain.doFilter(ServletHandler.java:1638)
	at hudson.security.ChainedServletFilter2$1.doFilter(ChainedServletFilter2.java:94)
	at jenkins.security.AcegiSecurityExceptionFilter.doFilter(AcegiSecurityExceptionFilter.java:52)
	at hudson.security.ChainedServletFilter2$1.doFilter(ChainedServletFilter2.java:99)
	at hudson.security.UnwrapSecurityExceptionFilter.doFilter(UnwrapSecurityExceptionFilter.java:54)
	at hudson.security.ChainedServletFilter2$1.doFilter(ChainedServletFilter2.java:99)
	at org.springframework.security.web.access.ExceptionTranslationFilter.doFilter(ExceptionTranslationFilter.java:125)
	at org.springframework.security.web.access.ExceptionTranslationFilter.doFilter(ExceptionTranslationFilter.java:119)
	at hudson.security.ChainedServletFilter2$1.doFilter(ChainedServletFilter2.java:99)
	at org.springframework.security.web.authentication.AnonymousAuthenticationFilter.doFilter(AnonymousAuthenticationFilter.java:100)
	at hudson.security.ChainedServletFilter2$1.doFilter(ChainedServletFilter2.java:99)
	at org.springframework.security.web.authentication.rememberme.RememberMeAuthenticationFilter.doFilter(RememberMeAuthenticationFilter.java:114)
	at org.springframework.security.web.authentication.rememberme.RememberMeAuthenticationFilter.doFilter(RememberMeAuthenticationFilter.java:105)
	at hudson.security.ChainedServletFilter2$1.doFilter(ChainedServletFilter2.java:99)
	at org.springframework.security.web.authentication.AbstractAuthenticationProcessingFilter.doFilter(AbstractAuthenticationProcessingFilter.java:235)
	at org.springframework.security.web.authentication.AbstractAuthenticationProcessingFilter.doFilter(AbstractAuthenticationProcessingFilter.java:229)
	at hudson.security.ChainedServletFilter2$1.doFilter(ChainedServletFilter2.java:99)
	at jenkins.security.BasicHeaderProcessor.doFilter(BasicHeaderProcessor.java:106)
	at hudson.security.ChainedServletFilter2$1.doFilter(ChainedServletFilter2.java:99)
	at org.springframework.security.web.context.SecurityContextPersistenceFilter.doFilter(SecurityContextPersistenceFilter.java:117)
	at org.springframework.security.web.context.SecurityContextPersistenceFilter.doFilter(SecurityContextPersistenceFilter.java:87)
	at hudson.security.HttpSessionContextIntegrationFilter2.doFilter(HttpSessionContextIntegrationFilter2.java:63)
	at hudson.security.ChainedServletFilter2$1.doFilter(ChainedServletFilter2.java:99)
	at hudson.security.ChainedServletFilter2.doFilter(ChainedServletFilter2.java:111)
	at hudson.security.HudsonFilter.doFilter(HudsonFilter.java:173)
	at Jenkins Main ClassLoader//org.eclipse.jetty.ee9.servlet.FilterHolder.doFilter(FilterHolder.java:202)
	at Jenkins Main ClassLoader//org.eclipse.jetty.ee9.servlet.ServletHandler$Chain.doFilter(ServletHandler.java:1638)
	at org.kohsuke.stapler.UncaughtExceptionFilter.doFilter(UncaughtExceptionFilter.java:26)
	at Jenkins Main ClassLoader//org.eclipse.jetty.ee9.servlet.FilterHolder.doFilter(FilterHolder.java:202)
	at Jenkins Main ClassLoader//org.eclipse.jetty.ee9.servlet.ServletHandler$Chain.doFilter(ServletHandler.java:1638)
	at hudson.util.CharacterEncodingFilter.doFilter(CharacterEncodingFilter.java:86)
	at Jenkins Main ClassLoader//org.eclipse.jetty.ee9.servlet.FilterHolder.doFilter(FilterHolder.java:202)
	at Jenkins Main ClassLoader//org.eclipse.jetty.ee9.servlet.ServletHandler$Chain.doFilter(ServletHandler.java:1638)
	at org.kohsuke.stapler.DiagnosticThreadNameFilter.doFilter(DiagnosticThreadNameFilter.java:31)
	at Jenkins Main ClassLoader//org.eclipse.jetty.ee9.servlet.FilterHolder.doFilter(FilterHolder.java:202)
	at Jenkins Main ClassLoader//org.eclipse.jetty.ee9.servlet.ServletHandler$Chain.doFilter(ServletHandler.java:1638)
	at jenkins.security.SuspiciousRequestFilter.doFilter(SuspiciousRequestFilter.java:38)
	at Jenkins Main ClassLoader//org.eclipse.jetty.ee9.servlet.FilterHolder.doFilter(FilterHolder.java:202)
	at Jenkins Main ClassLoader//org.eclipse.jetty.ee9.servlet.ServletHandler$Chain.doFilter(ServletHandler.java:1638)
	at Jenkins Main ClassLoader//org.eclipse.jetty.ee9.servlet.ServletHandler.doHandle(ServletHandler.java:526)
	at Jenkins Main ClassLoader//org.eclipse.jetty.ee9.nested.ScopedHandler.handle(ScopedHandler.java:127)
	at Jenkins Main ClassLoader//org.eclipse.jetty.ee9.security.SecurityHandler.handle(SecurityHandler.java:574)
	at Jenkins Main ClassLoader//org.eclipse.jetty.ee9.nested.HandlerWrapper.handle(HandlerWrapper.java:124)
	at Jenkins Main ClassLoader//org.eclipse.jetty.ee9.nested.ScopedHandler.nextHandle(ScopedHandler.java:197)
	at Jenkins Main ClassLoader//org.eclipse.jetty.ee9.nested.SessionHandler.doHandle(SessionHandler.java:612)
	at Jenkins Main ClassLoader//org.eclipse.jetty.ee9.nested.ScopedHandler.nextHandle(ScopedHandler.java:195)
	at Jenkins Main ClassLoader//org.eclipse.jetty.ee9.nested.ContextHandler.doHandle(ContextHandler.java:1045)
	at Jenkins Main ClassLoader//org.eclipse.jetty.ee9.nested.ScopedHandler.nextScope(ScopedHandler.java:164)
	at Jenkins Main ClassLoader//org.eclipse.jetty.ee9.servlet.ServletHandler.doScope(ServletHandler.java:483)
	at Jenkins Main ClassLoader//org.eclipse.jetty.ee9.nested.ScopedHandler.nextScope(ScopedHandler.java:162)
	at Jenkins Main ClassLoader//org.eclipse.jetty.ee9.nested.SessionHandler.doScope(SessionHandler.java:589)
	at Jenkins Main ClassLoader//org.eclipse.jetty.ee9.nested.ScopedHandler.nextScope(ScopedHandler.java:162)
	at Jenkins Main ClassLoader//org.eclipse.jetty.ee9.nested.ContextHandler.doScope(ContextHandler.java:966)
	at Jenkins Main ClassLoader//org.eclipse.jetty.ee9.nested.ScopedHandler.handle(ScopedHandler.java:125)
	at Jenkins Main ClassLoader//org.eclipse.jetty.ee9.nested.ContextHandler.handle(ContextHandler.java:1719)
	at Jenkins Main ClassLoader//org.eclipse.jetty.ee9.nested.HttpChannel$RequestDispatchable.dispatch(HttpChannel.java:1565)
	at Jenkins Main ClassLoader//org.eclipse.jetty.ee9.nested.HttpChannel.dispatch(HttpChannel.java:724)
	at Jenkins Main ClassLoader//org.eclipse.jetty.ee9.nested.HttpChannel.handle(HttpChannel.java:512)
	at Jenkins Main ClassLoader//org.eclipse.jetty.ee9.nested.ContextHandler$CoreContextHandler$CoreToNestedHandler.handle(ContextHandler.java:3029)
	at Jenkins Main ClassLoader//org.eclipse.jetty.server.handler.ContextHandler.handle(ContextHandler.java:1071)
	at Jenkins Main ClassLoader//org.eclipse.jetty.server.handler.gzip.GzipHandler.handle(GzipHandler.java:611)
	at Jenkins Main ClassLoader//org.eclipse.jetty.server.Server.handle(Server.java:182)
	at Jenkins Main ClassLoader//org.eclipse.jetty.server.internal.HttpChannelState$HandlerInvoker.run(HttpChannelState.java:677)
	at Jenkins Main ClassLoader//org.eclipse.jetty.server.internal.HttpConnection.onFillable(HttpConnection.java:416)
	at Jenkins Main ClassLoader//org.eclipse.jetty.io.AbstractConnection$ReadCallback.succeeded(AbstractConnection.java:322)
	at Jenkins Main ClassLoader//org.eclipse.jetty.io.FillInterest.fillable(FillInterest.java:99)
	at Jenkins Main ClassLoader//org.eclipse.jetty.io.SelectableChannelEndPoint$1.run(SelectableChannelEndPoint.java:53)
	at Jenkins Main ClassLoader//org.eclipse.jetty.util.thread.strategy.AdaptiveExecutionStrategy.runTask(AdaptiveExecutionStrategy.java:480)
	at Jenkins Main ClassLoader//org.eclipse.jetty.util.thread.strategy.AdaptiveExecutionStrategy.consumeTask(AdaptiveExecutionStrategy.java:443)
	at Jenkins Main ClassLoader//org.eclipse.jetty.util.thread.strategy.AdaptiveExecutionStrategy.tryProduce(AdaptiveExecutionStrategy.java:293)
	at Jenkins Main ClassLoader//org.eclipse.jetty.util.thread.strategy.AdaptiveExecutionStrategy.run(AdaptiveExecutionStrategy.java:201)
	at Jenkins Main ClassLoader//org.eclipse.jetty.util.thread.ReservedThreadExecutor$ReservedThread.run(ReservedThreadExecutor.java:311)
	at Jenkins Main ClassLoader//org.eclipse.jetty.util.thread.QueuedThreadPool.runJob(QueuedThreadPool.java:981)
	at Jenkins Main ClassLoader//org.eclipse.jetty.util.thread.QueuedThreadPool$Runner.doRunJob(QueuedThreadPool.java:1211)
	at Jenkins Main ClassLoader//org.eclipse.jetty.util.thread.QueuedThreadPool$Runner.run(QueuedThreadPool.java:1166)
	at java.base/java.lang.Thread.run(Thread.java:1583)
2025-12-01 15:25:44.231+0000 [id=94]	INFO	hudson.util.Retrier#start: Calling the listener of the allowed exception 'Unexpected error: java.security.InvalidAlgorithmParameterException: the trustAnchors parameter must be non-empty' at the attempt #1 to do the action check updates server
2025-12-01 15:25:44.233+0000 [id=94]	INFO	hudson.util.Retrier#start: Attempted the action check updates server for 1 time(s) with no success
2025-12-01 15:25:44.233+0000 [id=94]	SEVERE	hudson.PluginManager#doCheckUpdatesServer: Error checking update sites for 1 attempt(s). Last exception was: SSLException: Unexpected error: java.security.InvalidAlgorithmParameterException: the trustAnchors parameter must be non-empty
2025-12-01 15:26:20.399+0000 [id=30]	INFO	hudson.util.Retrier#start: Attempt #1 to do the action check updates server
2025-12-01 15:26:20.828+0000 [id=30]	INFO	hudson.util.Retrier#start: The attempt #1 to do the action check updates server failed with an allowed exception:
java.security.InvalidAlgorithmParameterException: the trustAnchors parameter must be non-empty
	at java.base/java.security.cert.PKIXParameters.setTrustAnchors(PKIXParameters.java:200)
	at java.base/java.security.cert.PKIXParameters.<init>(PKIXParameters.java:120)
	at java.base/java.security.cert.PKIXBuilderParameters.<init>(PKIXBuilderParameters.java:104)
	at java.base/sun.security.validator.PKIXValidator.<init>(PKIXValidator.java:94)
Caused: java.lang.RuntimeException: Unexpected error
	at java.base/sun.security.validator.PKIXValidator.<init>(PKIXValidator.java:97)
	at java.base/sun.security.validator.Validator.getInstance(Validator.java:173)
	at java.base/sun.security.ssl.X509TrustManagerImpl.getValidator(X509TrustManagerImpl.java:308)
	at java.base/sun.security.ssl.X509TrustManagerImpl.checkTrustedInit(X509TrustManagerImpl.java:183)
	at java.base/sun.security.ssl.X509TrustManagerImpl.checkTrusted(X509TrustManagerImpl.java:198)
	at java.base/sun.security.ssl.X509TrustManagerImpl.checkServerTrusted(X509TrustManagerImpl.java:132)
	at java.base/sun.security.ssl.CertificateMessage$T13CertificateConsumer.checkServerCerts(CertificateMessage.java:1302)
	at java.base/sun.security.ssl.CertificateMessage$T13CertificateConsumer.onConsumeCertificate(CertificateMessage.java:1195)
	at java.base/sun.security.ssl.CertificateMessage$T13CertificateConsumer.consume(CertificateMessage.java:1138)
	at java.base/sun.security.ssl.SSLHandshake.consume(SSLHandshake.java:393)
	at java.base/sun.security.ssl.HandshakeContext.dispatch(HandshakeContext.java:476)
	at java.base/sun.security.ssl.HandshakeContext.dispatch(HandshakeContext.java:447)
	at java.base/sun.security.ssl.TransportContext.dispatch(TransportContext.java:206)
	at java.base/sun.security.ssl.SSLTransport.decode(SSLTransport.java:172)
	at java.base/sun.security.ssl.SSLSocketImpl.decode(SSLSocketImpl.java:1506)
	at java.base/sun.security.ssl.SSLSocketImpl.readHandshakeRecord(SSLSocketImpl.java:1421)
	at java.base/sun.security.ssl.SSLSocketImpl.startHandshake(SSLSocketImpl.java:455)
Caused: javax.net.ssl.SSLException: Unexpected error: java.security.InvalidAlgorithmParameterException: the trustAnchors parameter must be non-empty
	at java.base/sun.security.ssl.Alert.createSSLException(Alert.java:132)
	at java.base/sun.security.ssl.TransportContext.fatal(TransportContext.java:383)
	at java.base/sun.security.ssl.TransportContext.fatal(TransportContext.java:326)
	at java.base/sun.security.ssl.TransportContext.fatal(TransportContext.java:321)
	at java.base/sun.security.ssl.SSLSocketImpl.handleException(SSLSocketImpl.java:1708)
	at java.base/sun.security.ssl.SSLSocketImpl.startHandshake(SSLSocketImpl.java:470)
	at java.base/sun.security.ssl.SSLSocketImpl.startHandshake(SSLSocketImpl.java:426)
	at java.base/sun.net.www.protocol.https.HttpsClient.afterConnect(HttpsClient.java:586)
	at java.base/sun.net.www.protocol.https.AbstractDelegateHttpsURLConnection.connect(AbstractDelegateHttpsURLConnection.java:187)
	at java.base/sun.net.www.protocol.http.HttpURLConnection.getInputStream0(HttpURLConnection.java:1690)
	at java.base/sun.net.www.protocol.http.HttpURLConnection.getInputStream(HttpURLConnection.java:1614)
	at java.base/sun.net.www.protocol.https.HttpsURLConnectionImpl.getInputStream(HttpsURLConnectionImpl.java:223)
	at hudson.model.DownloadService.loadJSON(DownloadService.java:122)
	at hudson.model.UpdateSite.updateDirectlyNow(UpdateSite.java:240)
	at hudson.model.UpdateSite.updateDirectlyNow(UpdateSite.java:235)
	at hudson.PluginManager.checkUpdatesServer(PluginManager.java:2177)
	at hudson.util.Retrier.start(Retrier.java:62)
	at hudson.PluginManager.doCheckUpdatesServer(PluginManager.java:2148)
	at java.base/java.lang.invoke.MethodHandle.invokeWithArguments(MethodHandle.java:733)
	at org.kohsuke.stapler.Function$MethodFunction.invoke(Function.java:484)
	at org.kohsuke.stapler.Function$InstanceFunction.invoke(Function.java:497)
	at org.kohsuke.stapler.interceptor.RequirePOST$Processor.invoke(RequirePOST.java:79)
	at org.kohsuke.stapler.PreInvokeInterceptedFunction.invoke(PreInvokeInterceptedFunction.java:26)
	at org.kohsuke.stapler.Function.bindAndInvoke(Function.java:218)
	at org.kohsuke.stapler.Function.bindAndInvokeAndServeResponse(Function.java:140)
	at org.kohsuke.stapler.MetaClass$12.doDispatch(MetaClass.java:686)
	at org.kohsuke.stapler.NameBasedDispatcher.dispatch(NameBasedDispatcher.java:61)
	at org.kohsuke.stapler.Stapler.tryInvoke(Stapler.java:800)
	at org.kohsuke.stapler.Stapler.invoke(Stapler.java:938)
	at org.kohsuke.stapler.MetaClass$1.doDispatch(MetaClass.java:183)
	at org.kohsuke.stapler.NameBasedDispatcher.dispatch(NameBasedDispatcher.java:61)
	at org.kohsuke.stapler.Stapler.tryInvoke(Stapler.java:800)
	at org.kohsuke.stapler.Stapler.invoke(Stapler.java:938)
	at org.kohsuke.stapler.Stapler.tryInvoke(Stapler.java:871)
	at org.kohsuke.stapler.Stapler.invoke(Stapler.java:938)
	at org.kohsuke.stapler.MetaClass$10.dispatch(MetaClass.java:590)
	at org.kohsuke.stapler.Stapler.tryInvoke(Stapler.java:800)
	at org.kohsuke.stapler.Stapler.invoke(Stapler.java:938)
	at org.kohsuke.stapler.Stapler.invoke(Stapler.java:721)
	at org.kohsuke.stapler.Stapler.service(Stapler.java:253)
	at Jenkins Main ClassLoader//jakarta.servlet.http.HttpServlet.service(HttpServlet.java:587)
	at Jenkins Main ClassLoader//org.eclipse.jetty.ee9.servlet.ServletHolder.handle(ServletHolder.java:780)
	at Jenkins Main ClassLoader//org.eclipse.jetty.ee9.servlet.ServletHandler$ChainEnd.doFilter(ServletHandler.java:1668)
	at hudson.util.PluginServletFilter$1.doFilter(PluginServletFilter.java:204)
	at PluginClassLoader for metrics//jenkins.metrics.impl.MetricsFilter.doFilter(MetricsFilter.java:125)
	at hudson.util.PluginServletFilter$1.doFilter(PluginServletFilter.java:201)
	at jenkins.util.HttpServletFilter$1.doFilter(HttpServletFilter.java:77)
	at hudson.util.PluginServletFilter$1.doFilter(PluginServletFilter.java:201)
	at hudson.util.PluginServletFilter.doFilter(PluginServletFilter.java:207)
	at Jenkins Main ClassLoader//org.eclipse.jetty.ee9.servlet.FilterHolder.doFilter(FilterHolder.java:202)
	at Jenkins Main ClassLoader//org.eclipse.jetty.ee9.servlet.ServletHandler$Chain.doFilter(ServletHandler.java:1638)
	at jenkins.ErrorAttributeFilter.doFilter(ErrorAttributeFilter.java:29)
	at Jenkins Main ClassLoader//org.eclipse.jetty.ee9.servlet.FilterHolder.doFilter(FilterHolder.java:202)
	at Jenkins Main ClassLoader//org.eclipse.jetty.ee9.servlet.ServletHandler$Chain.doFilter(ServletHandler.java:1638)
	at hudson.security.csrf.CrumbFilter.doFilter(CrumbFilter.java:154)
	at Jenkins Main ClassLoader//org.eclipse.jetty.ee9.servlet.FilterHolder.doFilter(FilterHolder.java:202)
	at Jenkins Main ClassLoader//org.eclipse.jetty.ee9.servlet.ServletHandler$Chain.doFilter(ServletHandler.java:1638)
	at hudson.security.ChainedServletFilter2$1.doFilter(ChainedServletFilter2.java:94)
	at jenkins.security.AcegiSecurityExceptionFilter.doFilter(AcegiSecurityExceptionFilter.java:52)
	at hudson.security.ChainedServletFilter2$1.doFilter(ChainedServletFilter2.java:99)
	at hudson.security.UnwrapSecurityExceptionFilter.doFilter(UnwrapSecurityExceptionFilter.java:54)
	at hudson.security.ChainedServletFilter2$1.doFilter(ChainedServletFilter2.java:99)
	at org.springframework.security.web.access.ExceptionTranslationFilter.doFilter(ExceptionTranslationFilter.java:125)
	at org.springframework.security.web.access.ExceptionTranslationFilter.doFilter(ExceptionTranslationFilter.java:119)
	at hudson.security.ChainedServletFilter2$1.doFilter(ChainedServletFilter2.java:99)
	at org.springframework.security.web.authentication.AnonymousAuthenticationFilter.doFilter(AnonymousAuthenticationFilter.java:100)
	at hudson.security.ChainedServletFilter2$1.doFilter(ChainedServletFilter2.java:99)
	at org.springframework.security.web.authentication.rememberme.RememberMeAuthenticationFilter.doFilter(RememberMeAuthenticationFilter.java:114)
	at org.springframework.security.web.authentication.rememberme.RememberMeAuthenticationFilter.doFilter(RememberMeAuthenticationFilter.java:105)
	at hudson.security.ChainedServletFilter2$1.doFilter(ChainedServletFilter2.java:99)
	at org.springframework.security.web.authentication.AbstractAuthenticationProcessingFilter.doFilter(AbstractAuthenticationProcessingFilter.java:235)
	at org.springframework.security.web.authentication.AbstractAuthenticationProcessingFilter.doFilter(AbstractAuthenticationProcessingFilter.java:229)
	at hudson.security.ChainedServletFilter2$1.doFilter(ChainedServletFilter2.java:99)
	at jenkins.security.BasicHeaderProcessor.doFilter(BasicHeaderProcessor.java:106)
	at hudson.security.ChainedServletFilter2$1.doFilter(ChainedServletFilter2.java:99)
	at org.springframework.security.web.context.SecurityContextPersistenceFilter.doFilter(SecurityContextPersistenceFilter.java:117)
	at org.springframework.security.web.context.SecurityContextPersistenceFilter.doFilter(SecurityContextPersistenceFilter.java:87)
	at hudson.security.HttpSessionContextIntegrationFilter2.doFilter(HttpSessionContextIntegrationFilter2.java:63)
	at hudson.security.ChainedServletFilter2$1.doFilter(ChainedServletFilter2.java:99)
	at hudson.security.ChainedServletFilter2.doFilter(ChainedServletFilter2.java:111)
	at hudson.security.HudsonFilter.doFilter(HudsonFilter.java:173)
	at Jenkins Main ClassLoader//org.eclipse.jetty.ee9.servlet.FilterHolder.doFilter(FilterHolder.java:202)
	at Jenkins Main ClassLoader//org.eclipse.jetty.ee9.servlet.ServletHandler$Chain.doFilter(ServletHandler.java:1638)
	at org.kohsuke.stapler.UncaughtExceptionFilter.doFilter(UncaughtExceptionFilter.java:26)
	at Jenkins Main ClassLoader//org.eclipse.jetty.ee9.servlet.FilterHolder.doFilter(FilterHolder.java:202)
	at Jenkins Main ClassLoader//org.eclipse.jetty.ee9.servlet.ServletHandler$Chain.doFilter(ServletHandler.java:1638)
	at hudson.util.CharacterEncodingFilter.doFilter(CharacterEncodingFilter.java:86)
	at Jenkins Main ClassLoader//org.eclipse.jetty.ee9.servlet.FilterHolder.doFilter(FilterHolder.java:202)
	at Jenkins Main ClassLoader//org.eclipse.jetty.ee9.servlet.ServletHandler$Chain.doFilter(ServletHandler.java:1638)
	at org.kohsuke.stapler.DiagnosticThreadNameFilter.doFilter(DiagnosticThreadNameFilter.java:31)
	at Jenkins Main ClassLoader//org.eclipse.jetty.ee9.servlet.FilterHolder.doFilter(FilterHolder.java:202)
	at Jenkins Main ClassLoader//org.eclipse.jetty.ee9.servlet.ServletHandler$Chain.doFilter(ServletHandler.java:1638)
	at jenkins.security.SuspiciousRequestFilter.doFilter(SuspiciousRequestFilter.java:38)
	at Jenkins Main ClassLoader//org.eclipse.jetty.ee9.servlet.FilterHolder.doFilter(FilterHolder.java:202)
	at Jenkins Main ClassLoader//org.eclipse.jetty.ee9.servlet.ServletHandler$Chain.doFilter(ServletHandler.java:1638)
	at Jenkins Main ClassLoader//org.eclipse.jetty.ee9.servlet.ServletHandler.doHandle(ServletHandler.java:526)
	at Jenkins Main ClassLoader//org.eclipse.jetty.ee9.nested.ScopedHandler.handle(ScopedHandler.java:127)
	at Jenkins Main ClassLoader//org.eclipse.jetty.ee9.security.SecurityHandler.handle(SecurityHandler.java:574)
	at Jenkins Main ClassLoader//org.eclipse.jetty.ee9.nested.HandlerWrapper.handle(HandlerWrapper.java:124)
	at Jenkins Main ClassLoader//org.eclipse.jetty.ee9.nested.ScopedHandler.nextHandle(ScopedHandler.java:197)
	at Jenkins Main ClassLoader//org.eclipse.jetty.ee9.nested.SessionHandler.doHandle(SessionHandler.java:612)
	at Jenkins Main ClassLoader//org.eclipse.jetty.ee9.nested.ScopedHandler.nextHandle(ScopedHandler.java:195)
	at Jenkins Main ClassLoader//org.eclipse.jetty.ee9.nested.ContextHandler.doHandle(ContextHandler.java:1045)
	at Jenkins Main ClassLoader//org.eclipse.jetty.ee9.nested.ScopedHandler.nextScope(ScopedHandler.java:164)
	at Jenkins Main ClassLoader//org.eclipse.jetty.ee9.servlet.ServletHandler.doScope(ServletHandler.java:483)
	at Jenkins Main ClassLoader//org.eclipse.jetty.ee9.nested.ScopedHandler.nextScope(ScopedHandler.java:162)
	at Jenkins Main ClassLoader//org.eclipse.jetty.ee9.nested.SessionHandler.doScope(SessionHandler.java:589)
	at Jenkins Main ClassLoader//org.eclipse.jetty.ee9.nested.ScopedHandler.nextScope(ScopedHandler.java:162)
	at Jenkins Main ClassLoader//org.eclipse.jetty.ee9.nested.ContextHandler.doScope(ContextHandler.java:966)
	at Jenkins Main ClassLoader//org.eclipse.jetty.ee9.nested.ScopedHandler.handle(ScopedHandler.java:125)
	at Jenkins Main ClassLoader//org.eclipse.jetty.ee9.nested.ContextHandler.handle(ContextHandler.java:1719)
	at Jenkins Main ClassLoader//org.eclipse.jetty.ee9.nested.HttpChannel$RequestDispatchable.dispatch(HttpChannel.java:1565)
	at Jenkins Main ClassLoader//org.eclipse.jetty.ee9.nested.HttpChannel.dispatch(HttpChannel.java:724)
	at Jenkins Main ClassLoader//org.eclipse.jetty.ee9.nested.HttpChannel.handle(HttpChannel.java:512)
	at Jenkins Main ClassLoader//org.eclipse.jetty.ee9.nested.ContextHandler$CoreContextHandler$CoreToNestedHandler.handle(ContextHandler.java:3029)
	at Jenkins Main ClassLoader//org.eclipse.jetty.server.handler.ContextHandler.handle(ContextHandler.java:1071)
	at Jenkins Main ClassLoader//org.eclipse.jetty.server.handler.gzip.GzipHandler.handle(GzipHandler.java:611)
	at Jenkins Main ClassLoader//org.eclipse.jetty.server.Server.handle(Server.java:182)
	at Jenkins Main ClassLoader//org.eclipse.jetty.server.internal.HttpChannelState$HandlerInvoker.run(HttpChannelState.java:677)
	at Jenkins Main ClassLoader//org.eclipse.jetty.server.internal.HttpConnection.onFillable(HttpConnection.java:416)
	at Jenkins Main ClassLoader//org.eclipse.jetty.io.AbstractConnection$ReadCallback.succeeded(AbstractConnection.java:322)
	at Jenkins Main ClassLoader//org.eclipse.jetty.io.FillInterest.fillable(FillInterest.java:99)
	at Jenkins Main ClassLoader//org.eclipse.jetty.io.SelectableChannelEndPoint$1.run(SelectableChannelEndPoint.java:53)
	at Jenkins Main ClassLoader//org.eclipse.jetty.util.thread.strategy.AdaptiveExecutionStrategy.runTask(AdaptiveExecutionStrategy.java:480)
	at Jenkins Main ClassLoader//org.eclipse.jetty.util.thread.strategy.AdaptiveExecutionStrategy.consumeTask(AdaptiveExecutionStrategy.java:443)
	at Jenkins Main ClassLoader//org.eclipse.jetty.util.thread.strategy.AdaptiveExecutionStrategy.tryProduce(AdaptiveExecutionStrategy.java:293)
	at Jenkins Main ClassLoader//org.eclipse.jetty.util.thread.strategy.AdaptiveExecutionStrategy.run(AdaptiveExecutionStrategy.java:201)
	at Jenkins Main ClassLoader//org.eclipse.jetty.util.thread.ReservedThreadExecutor$ReservedThread.run(ReservedThreadExecutor.java:311)
	at Jenkins Main ClassLoader//org.eclipse.jetty.util.thread.QueuedThreadPool.runJob(QueuedThreadPool.java:981)
	at Jenkins Main ClassLoader//org.eclipse.jetty.util.thread.QueuedThreadPool$Runner.doRunJob(QueuedThreadPool.java:1211)
	at Jenkins Main ClassLoader//org.eclipse.jetty.util.thread.QueuedThreadPool$Runner.run(QueuedThreadPool.java:1166)
	at java.base/java.lang.Thread.run(Thread.java:1583)
2025-12-01 15:26:20.831+0000 [id=30]	INFO	hudson.util.Retrier#start: Calling the listener of the allowed exception 'Unexpected error: java.security.InvalidAlgorithmParameterException: the trustAnchors parameter must be non-empty' at the attempt #1 to do the action check updates server
2025-12-01 15:26:20.832+0000 [id=30]	INFO	hudson.util.Retrier#start: Attempted the action check updates server for 1 time(s) with no success
2025-12-01 15:26:20.832+0000 [id=30]	SEVERE	hudson.PluginManager#doCheckUpdatesServer: Error checking update sites for 1 attempt(s). Last exception was: SSLException: Unexpected error: java.security.InvalidAlgorithmParameterException: the trustAnchors parameter must be non-empty
2025-12-01 15:27:19.159+0000 [id=163]	INFO	hudson.PluginManager#install: Starting installation of a batch of 1 plugins plus their dependencies
2025-12-01 15:27:19.584+0000 [id=400]	INFO	h.model.UpdateCenter$DownloadJob#run: Starting the installation of testng-plugin on behalf of Ashwini
2025-12-01 15:27:19.588+0000 [id=400]	INFO	h.m.UpdateCenter$UpdateCenterConfiguration#download: Downloading testng-plugin
2025-12-01 15:27:20.090+0000 [id=400]	SEVERE	h.model.UpdateCenter$DownloadJob#run: Failed to install testng-plugin
java.security.InvalidAlgorithmParameterException: the trustAnchors parameter must be non-empty
	at java.base/java.security.cert.PKIXParameters.setTrustAnchors(PKIXParameters.java:200)
	at java.base/java.security.cert.PKIXParameters.<init>(PKIXParameters.java:120)
	at java.base/java.security.cert.PKIXBuilderParameters.<init>(PKIXBuilderParameters.java:104)
	at java.base/sun.security.validator.PKIXValidator.<init>(PKIXValidator.java:94)
Caused: java.lang.RuntimeException: Unexpected error
	at java.base/sun.security.validator.PKIXValidator.<init>(PKIXValidator.java:97)
	at java.base/sun.security.validator.Validator.getInstance(Validator.java:173)
	at java.base/sun.security.ssl.X509TrustManagerImpl.getValidator(X509TrustManagerImpl.java:308)
	at java.base/sun.security.ssl.X509TrustManagerImpl.checkTrustedInit(X509TrustManagerImpl.java:183)
	at java.base/sun.security.ssl.X509TrustManagerImpl.checkTrusted(X509TrustManagerImpl.java:198)
	at java.base/sun.security.ssl.X509TrustManagerImpl.checkServerTrusted(X509TrustManagerImpl.java:132)
	at java.base/sun.security.ssl.CertificateMessage$T13CertificateConsumer.checkServerCerts(CertificateMessage.java:1302)
	at java.base/sun.security.ssl.CertificateMessage$T13CertificateConsumer.onConsumeCertificate(CertificateMessage.java:1195)
	at java.base/sun.security.ssl.CertificateMessage$T13CertificateConsumer.consume(CertificateMessage.java:1138)
	at java.base/sun.security.ssl.SSLHandshake.consume(SSLHandshake.java:393)
	at java.base/sun.security.ssl.HandshakeContext.dispatch(HandshakeContext.java:476)
	at java.base/sun.security.ssl.HandshakeContext.dispatch(HandshakeContext.java:447)
	at java.base/sun.security.ssl.TransportContext.dispatch(TransportContext.java:206)
	at java.base/sun.security.ssl.SSLTransport.decode(SSLTransport.java:172)
	at java.base/sun.security.ssl.SSLSocketImpl.decode(SSLSocketImpl.java:1506)
	at java.base/sun.security.ssl.SSLSocketImpl.readHandshakeRecord(SSLSocketImpl.java:1421)
	at java.base/sun.security.ssl.SSLSocketImpl.startHandshake(SSLSocketImpl.java:455)
Caused: javax.net.ssl.SSLException: Unexpected error: java.security.InvalidAlgorithmParameterException: the trustAnchors parameter must be non-empty
	at java.base/sun.security.ssl.Alert.createSSLException(Alert.java:132)
	at java.base/sun.security.ssl.TransportContext.fatal(TransportContext.java:383)
	at java.base/sun.security.ssl.TransportContext.fatal(TransportContext.java:326)
	at java.base/sun.security.ssl.TransportContext.fatal(TransportContext.java:321)
	at java.base/sun.security.ssl.SSLSocketImpl.handleException(SSLSocketImpl.java:1708)
	at java.base/sun.security.ssl.SSLSocketImpl.startHandshake(SSLSocketImpl.java:470)
	at java.base/sun.security.ssl.SSLSocketImpl.startHandshake(SSLSocketImpl.java:426)
	at java.base/sun.net.www.protocol.https.HttpsClient.afterConnect(HttpsClient.java:586)
	at java.base/sun.net.www.protocol.https.AbstractDelegateHttpsURLConnection.connect(AbstractDelegateHttpsURLConnection.java:187)
	at java.base/sun.net.www.protocol.http.HttpURLConnection.getInputStream0(HttpURLConnection.java:1690)
	at java.base/sun.net.www.protocol.http.HttpURLConnection.getInputStream(HttpURLConnection.java:1614)
	at java.base/sun.net.www.protocol.https.HttpsURLConnectionImpl.getInputStream(HttpsURLConnectionImpl.java:223)
	at hudson.model.UpdateCenter$UpdateCenterConfiguration.download(UpdateCenter.java:1365)
Caused: java.io.IOException: Failed to load https://updates.jenkins.io/download/plugins/testng-plugin/940.vc244edffc2ec/testng-plugin.hpi to C:\ProgramData\Jenkins\.jenkins\plugins\testng-plugin.jpi.tmp
	at hudson.model.UpdateCenter$UpdateCenterConfiguration.download(UpdateCenter.java:1380)
Caused: java.io.IOException: Failed to download from https://updates.jenkins.io/download/plugins/testng-plugin/940.vc244edffc2ec/testng-plugin.hpi
	at hudson.model.UpdateCenter$UpdateCenterConfiguration.download(UpdateCenter.java:1407)
	at hudson.model.UpdateCenter$DownloadJob._run(UpdateCenter.java:2059)
	at hudson.model.UpdateCenter$InstallationJob._run(UpdateCenter.java:2387)
	at hudson.model.UpdateCenter$DownloadJob.run(UpdateCenter.java:2033)
	at java.base/java.util.concurrent.Executors$RunnableAdapter.call(Executors.java:572)
	at java.base/java.util.concurrent.FutureTask.run(FutureTask.java:317)
	at hudson.remoting.AtmostOneThreadExecutor$Worker.run(AtmostOneThreadExecutor.java:121)
	at java.base/java.lang.Thread.run(Thread.java:1583)
2025-12-01 15:27:20.091+0000 [id=400]	INFO	h.m.UpdateCenter$CompleteBatchJob#run: Completing installing of plugin batch…
2025-12-01 15:27:20.627+0000 [id=402]	INFO	jenkins.InitReactorRunner$1#onAttained: Started initialization
2025-12-01 15:27:20.629+0000 [id=406]	INFO	jenkins.InitReactorRunner$1#onAttained: Listed all plugins
2025-12-01 15:27:20.630+0000 [id=411]	INFO	jenkins.InitReactorRunner$1#onAttained: Prepared all plugins
2025-12-01 15:27:20.630+0000 [id=416]	INFO	jenkins.InitReactorRunner$1#onAttained: Started all plugins
2025-12-01 15:27:20.631+0000 [id=416]	INFO	jenkins.InitReactorRunner$1#onAttained: Augmented all extensions
2025-12-01 15:27:20.631+0000 [id=408]	INFO	jenkins.InitReactorRunner$1#onAttained: System config loaded
2025-12-01 15:27:20.631+0000 [id=411]	INFO	jenkins.InitReactorRunner$1#onAttained: System config adapted
2025-12-01 15:27:20.631+0000 [id=405]	INFO	jenkins.InitReactorRunner$1#onAttained: Loaded all jobs
2025-12-01 15:27:20.633+0000 [id=416]	INFO	jenkins.InitReactorRunner$1#onAttained: Configuration for all jobs updated
2025-12-01 15:27:20.633+0000 [id=414]	INFO	jenkins.InitReactorRunner$1#onAttained: Completed initialization
2025-12-01 15:27:20.634+0000 [id=400]	INFO	h.m.UpdateCenter$CompleteBatchJob#run: Completed installation of 0 plugins in 1.4 sec
2025-12-01 15:28:45.710+0000 [id=94]	INFO	hudson.util.Retrier#start: Attempt #1 to do the action check updates server
2025-12-01 15:28:46.127+0000 [id=247]	INFO	hudson.util.Retrier#start: Attempt #1 to do the action check updates server
2025-12-01 15:28:46.352+0000 [id=428]	INFO	hudson.util.Retrier#start: Attempt #1 to do the action check updates server
2025-12-01 15:28:46.555+0000 [id=247]	INFO	hudson.util.Retrier#start: The attempt #1 to do the action check updates server failed with an allowed exception:
java.security.InvalidAlgorithmParameterException: the trustAnchors parameter must be non-empty
	at java.base/java.security.cert.PKIXParameters.setTrustAnchors(PKIXParameters.java:200)
	at java.base/java.security.cert.PKIXParameters.<init>(PKIXParameters.java:120)
	at java.base/java.security.cert.PKIXBuilderParameters.<init>(PKIXBuilderParameters.java:104)
	at java.base/sun.security.validator.PKIXValidator.<init>(PKIXValidator.java:94)
Caused: java.lang.RuntimeException: Unexpected error
	at java.base/sun.security.validator.PKIXValidator.<init>(PKIXValidator.java:97)
	at java.base/sun.security.validator.Validator.getInstance(Validator.java:173)
	at java.base/sun.security.ssl.X509TrustManagerImpl.getValidator(X509TrustManagerImpl.java:308)
	at java.base/sun.security.ssl.X509TrustManagerImpl.checkTrustedInit(X509TrustManagerImpl.java:183)
	at java.base/sun.security.ssl.X509TrustManagerImpl.checkTrusted(X509TrustManagerImpl.java:198)
	at java.base/sun.security.ssl.X509TrustManagerImpl.checkServerTrusted(X509TrustManagerImpl.java:132)
	at java.base/sun.security.ssl.CertificateMessage$T13CertificateConsumer.checkServerCerts(CertificateMessage.java:1302)
	at java.base/sun.security.ssl.CertificateMessage$T13CertificateConsumer.onConsumeCertificate(CertificateMessage.java:1195)
	at java.base/sun.security.ssl.CertificateMessage$T13CertificateConsumer.consume(CertificateMessage.java:1138)
	at java.base/sun.security.ssl.SSLHandshake.consume(SSLHandshake.java:393)
	at java.base/sun.security.ssl.HandshakeContext.dispatch(HandshakeContext.java:476)
	at java.base/sun.security.ssl.HandshakeContext.dispatch(HandshakeContext.java:447)
	at java.base/sun.security.ssl.TransportContext.dispatch(TransportContext.java:206)
	at java.base/sun.security.ssl.SSLTransport.decode(SSLTransport.java:172)
	at java.base/sun.security.ssl.SSLSocketImpl.decode(SSLSocketImpl.java:1506)
	at java.base/sun.security.ssl.SSLSocketImpl.readHandshakeRecord(SSLSocketImpl.java:1421)
	at java.base/sun.security.ssl.SSLSocketImpl.startHandshake(SSLSocketImpl.java:455)
Caused: javax.net.ssl.SSLException: Unexpected error: java.security.InvalidAlgorithmParameterException: the trustAnchors parameter must be non-empty
	at java.base/sun.security.ssl.Alert.createSSLException(Alert.java:132)
	at java.base/sun.security.ssl.TransportContext.fatal(TransportContext.java:383)
	at java.base/sun.security.ssl.TransportContext.fatal(TransportContext.java:326)
	at java.base/sun.security.ssl.TransportContext.fatal(TransportContext.java:321)
	at java.base/sun.security.ssl.SSLSocketImpl.handleException(SSLSocketImpl.java:1708)
	at java.base/sun.security.ssl.SSLSocketImpl.startHandshake(SSLSocketImpl.java:470)
	at java.base/sun.security.ssl.SSLSocketImpl.startHandshake(SSLSocketImpl.java:426)
	at java.base/sun.net.www.protocol.https.HttpsClient.afterConnect(HttpsClient.java:586)
	at java.base/sun.net.www.protocol.https.AbstractDelegateHttpsURLConnection.connect(AbstractDelegateHttpsURLConnection.java:187)
	at java.base/sun.net.www.protocol.http.HttpURLConnection.getInputStream0(HttpURLConnection.java:1690)
	at java.base/sun.net.www.protocol.http.HttpURLConnection.getInputStream(HttpURLConnection.java:1614)
	at java.base/sun.net.www.protocol.https.HttpsURLConnectionImpl.getInputStream(HttpsURLConnectionImpl.java:223)
	at hudson.model.DownloadService.loadJSON(DownloadService.java:122)
	at hudson.model.UpdateSite.updateDirectlyNow(UpdateSite.java:240)
	at hudson.model.UpdateSite.updateDirectlyNow(UpdateSite.java:235)
	at hudson.PluginManager.checkUpdatesServer(PluginManager.java:2177)
	at hudson.util.Retrier.start(Retrier.java:62)
	at hudson.PluginManager.doCheckUpdatesServer(PluginManager.java:2148)
	at java.base/java.lang.invoke.MethodHandle.invokeWithArguments(MethodHandle.java:733)
	at org.kohsuke.stapler.Function$MethodFunction.invoke(Function.java:484)
	at org.kohsuke.stapler.Function$InstanceFunction.invoke(Function.java:497)
	at org.kohsuke.stapler.interceptor.RequirePOST$Processor.invoke(RequirePOST.java:79)
	at org.kohsuke.stapler.PreInvokeInterceptedFunction.invoke(PreInvokeInterceptedFunction.java:26)
	at org.kohsuke.stapler.Function.bindAndInvoke(Function.java:218)
	at org.kohsuke.stapler.Function.bindAndInvokeAndServeResponse(Function.java:140)
	at org.kohsuke.stapler.MetaClass$12.doDispatch(MetaClass.java:686)
	at org.kohsuke.stapler.NameBasedDispatcher.dispatch(NameBasedDispatcher.java:61)
	at org.kohsuke.stapler.Stapler.tryInvoke(Stapler.java:800)
	at org.kohsuke.stapler.Stapler.invoke(Stapler.java:938)
	at org.kohsuke.stapler.MetaClass$1.doDispatch(MetaClass.java:183)
	at org.kohsuke.stapler.NameBasedDispatcher.dispatch(NameBasedDispatcher.java:61)
	at org.kohsuke.stapler.Stapler.tryInvoke(Stapler.java:800)
	at org.kohsuke.stapler.Stapler.invoke(Stapler.java:938)
	at org.kohsuke.stapler.Stapler.tryInvoke(Stapler.java:871)
	at org.kohsuke.stapler.Stapler.invoke(Stapler.java:938)
	at org.kohsuke.stapler.MetaClass$10.dispatch(MetaClass.java:590)
	at org.kohsuke.stapler.Stapler.tryInvoke(Stapler.java:800)
	at org.kohsuke.stapler.Stapler.invoke(Stapler.java:938)
	at org.kohsuke.stapler.Stapler.invoke(Stapler.java:721)
	at org.kohsuke.stapler.Stapler.service(Stapler.java:253)
	at Jenkins Main ClassLoader//jakarta.servlet.http.HttpServlet.service(HttpServlet.java:587)
	at Jenkins Main ClassLoader//org.eclipse.jetty.ee9.servlet.ServletHolder.handle(ServletHolder.java:780)
	at Jenkins Main ClassLoader//org.eclipse.jetty.ee9.servlet.ServletHandler$ChainEnd.doFilter(ServletHandler.java:1668)
	at hudson.util.PluginServletFilter$1.doFilter(PluginServletFilter.java:204)
	at PluginClassLoader for metrics//jenkins.metrics.impl.MetricsFilter.doFilter(MetricsFilter.java:125)
	at hudson.util.PluginServletFilter$1.doFilter(PluginServletFilter.java:201)
	at jenkins.util.HttpServletFilter$1.doFilter(HttpServletFilter.java:77)
	at hudson.util.PluginServletFilter$1.doFilter(PluginServletFilter.java:201)
	at hudson.util.PluginServletFilter.doFilter(PluginServletFilter.java:207)
	at Jenkins Main ClassLoader//org.eclipse.jetty.ee9.servlet.FilterHolder.doFilter(FilterHolder.java:202)
	at Jenkins Main ClassLoader//org.eclipse.jetty.ee9.servlet.ServletHandler$Chain.doFilter(ServletHandler.java:1638)
	at jenkins.ErrorAttributeFilter.doFilter(ErrorAttributeFilter.java:29)
	at Jenkins Main ClassLoader//org.eclipse.jetty.ee9.servlet.FilterHolder.doFilter(FilterHolder.java:202)
	at Jenkins Main ClassLoader//org.eclipse.jetty.ee9.servlet.ServletHandler$Chain.doFilter(ServletHandler.java:1638)
	at hudson.security.csrf.CrumbFilter.doFilter(CrumbFilter.java:154)
	at Jenkins Main ClassLoader//org.eclipse.jetty.ee9.servlet.FilterHolder.doFilter(FilterHolder.java:202)
	at Jenkins Main ClassLoader//org.eclipse.jetty.ee9.servlet.ServletHandler$Chain.doFilter(ServletHandler.java:1638)
	at hudson.security.ChainedServletFilter2$1.doFilter(ChainedServletFilter2.java:94)
	at jenkins.security.AcegiSecurityExceptionFilter.doFilter(AcegiSecurityExceptionFilter.java:52)
	at hudson.security.ChainedServletFilter2$1.doFilter(ChainedServletFilter2.java:99)
	at hudson.security.UnwrapSecurityExceptionFilter.doFilter(UnwrapSecurityExceptionFilter.java:54)
	at hudson.security.ChainedServletFilter2$1.doFilter(ChainedServletFilter2.java:99)
	at org.springframework.security.web.access.ExceptionTranslationFilter.doFilter(ExceptionTranslationFilter.java:125)
	at org.springframework.security.web.access.ExceptionTranslationFilter.doFilter(ExceptionTranslationFilter.java:119)
	at hudson.security.ChainedServletFilter2$1.doFilter(ChainedServletFilter2.java:99)
	at org.springframework.security.web.authentication.AnonymousAuthenticationFilter.doFilter(AnonymousAuthenticationFilter.java:100)
	at hudson.security.ChainedServletFilter2$1.doFilter(ChainedServletFilter2.java:99)
	at org.springframework.security.web.authentication.rememberme.RememberMeAuthenticationFilter.doFilter(RememberMeAuthenticationFilter.java:114)
	at org.springframework.security.web.authentication.rememberme.RememberMeAuthenticationFilter.doFilter(RememberMeAuthenticationFilter.java:105)
	at hudson.security.ChainedServletFilter2$1.doFilter(ChainedServletFilter2.java:99)
	at org.springframework.security.web.authentication.AbstractAuthenticationProcessingFilter.doFilter(AbstractAuthenticationProcessingFilter.java:235)
	at org.springframework.security.web.authentication.AbstractAuthenticationProcessingFilter.doFilter(AbstractAuthenticationProcessingFilter.java:229)
	at hudson.security.ChainedServletFilter2$1.doFilter(ChainedServletFilter2.java:99)
	at jenkins.security.BasicHeaderProcessor.doFilter(BasicHeaderProcessor.java:106)
	at hudson.security.ChainedServletFilter2$1.doFilter(ChainedServletFilter2.java:99)
	at org.springframework.security.web.context.SecurityContextPersistenceFilter.doFilter(SecurityContextPersistenceFilter.java:117)
	at org.springframework.security.web.context.SecurityContextPersistenceFilter.doFilter(SecurityContextPersistenceFilter.java:87)
	at hudson.security.HttpSessionContextIntegrationFilter2.doFilter(HttpSessionContextIntegrationFilter2.java:63)
	at hudson.security.ChainedServletFilter2$1.doFilter(ChainedServletFilter2.java:99)
	at hudson.security.ChainedServletFilter2.doFilter(ChainedServletFilter2.java:111)
	at hudson.security.HudsonFilter.doFilter(HudsonFilter.java:173)
	at Jenkins Main ClassLoader//org.eclipse.jetty.ee9.servlet.FilterHolder.doFilter(FilterHolder.java:202)
	at Jenkins Main ClassLoader//org.eclipse.jetty.ee9.servlet.ServletHandler$Chain.doFilter(ServletHandler.java:1638)
	at org.kohsuke.stapler.UncaughtExceptionFilter.doFilter(UncaughtExceptionFilter.java:26)
	at Jenkins Main ClassLoader//org.eclipse.jetty.ee9.servlet.FilterHolder.doFilter(FilterHolder.java:202)
	at Jenkins Main ClassLoader//org.eclipse.jetty.ee9.servlet.ServletHandler$Chain.doFilter(ServletHandler.java:1638)
	at hudson.util.CharacterEncodingFilter.doFilter(CharacterEncodingFilter.java:86)
	at Jenkins Main ClassLoader//org.eclipse.jetty.ee9.servlet.FilterHolder.doFilter(FilterHolder.java:202)
	at Jenkins Main ClassLoader//org.eclipse.jetty.ee9.servlet.ServletHandler$Chain.doFilter(ServletHandler.java:1638)
	at org.kohsuke.stapler.DiagnosticThreadNameFilter.doFilter(DiagnosticThreadNameFilter.java:31)
	at Jenkins Main ClassLoader//org.eclipse.jetty.ee9.servlet.FilterHolder.doFilter(FilterHolder.java:202)
	at Jenkins Main ClassLoader//org.eclipse.jetty.ee9.servlet.ServletHandler$Chain.doFilter(ServletHandler.java:1638)
	at jenkins.security.SuspiciousRequestFilter.doFilter(SuspiciousRequestFilter.java:38)
	at Jenkins Main ClassLoader//org.eclipse.jetty.ee9.servlet.FilterHolder.doFilter(FilterHolder.java:202)
	at Jenkins Main ClassLoader//org.eclipse.jetty.ee9.servlet.ServletHandler$Chain.doFilter(ServletHandler.java:1638)
	at Jenkins Main ClassLoader//org.eclipse.jetty.ee9.servlet.ServletHandler.doHandle(ServletHandler.java:526)
	at Jenkins Main ClassLoader//org.eclipse.jetty.ee9.nested.ScopedHandler.handle(ScopedHandler.java:127)
	at Jenkins Main ClassLoader//org.eclipse.jetty.ee9.security.SecurityHandler.handle(SecurityHandler.java:574)
	at Jenkins Main ClassLoader//org.eclipse.jetty.ee9.nested.HandlerWrapper.handle(HandlerWrapper.java:124)
	at Jenkins Main ClassLoader//org.eclipse.jetty.ee9.nested.ScopedHandler.nextHandle(ScopedHandler.java:197)
	at Jenkins Main ClassLoader//org.eclipse.jetty.ee9.nested.SessionHandler.doHandle(SessionHandler.java:612)
	at Jenkins Main ClassLoader//org.eclipse.jetty.ee9.nested.ScopedHandler.nextHandle(ScopedHandler.java:195)
	at Jenkins Main ClassLoader//org.eclipse.jetty.ee9.nested.ContextHandler.doHandle(ContextHandler.java:1045)
	at Jenkins Main ClassLoader//org.eclipse.jetty.ee9.nested.ScopedHandler.nextScope(ScopedHandler.java:164)
	at Jenkins Main ClassLoader//org.eclipse.jetty.ee9.servlet.ServletHandler.doScope(ServletHandler.java:483)
	at Jenkins Main ClassLoader//org.eclipse.jetty.ee9.nested.ScopedHandler.nextScope(ScopedHandler.java:162)
	at Jenkins Main ClassLoader//org.eclipse.jetty.ee9.nested.SessionHandler.doScope(SessionHandler.java:589)
	at Jenkins Main ClassLoader//org.eclipse.jetty.ee9.nested.ScopedHandler.nextScope(ScopedHandler.java:162)
	at Jenkins Main ClassLoader//org.eclipse.jetty.ee9.nested.ContextHandler.doScope(ContextHandler.java:966)
	at Jenkins Main ClassLoader//org.eclipse.jetty.ee9.nested.ScopedHandler.handle(ScopedHandler.java:125)
	at Jenkins Main ClassLoader//org.eclipse.jetty.ee9.nested.ContextHandler.handle(ContextHandler.java:1719)
	at Jenkins Main ClassLoader//org.eclipse.jetty.ee9.nested.HttpChannel$RequestDispatchable.dispatch(HttpChannel.java:1565)
	at Jenkins Main ClassLoader//org.eclipse.jetty.ee9.nested.HttpChannel.dispatch(HttpChannel.java:724)
	at Jenkins Main ClassLoader//org.eclipse.jetty.ee9.nested.HttpChannel.handle(HttpChannel.java:512)
	at Jenkins Main ClassLoader//org.eclipse.jetty.ee9.nested.ContextHandler$CoreContextHandler$CoreToNestedHandler.handle(ContextHandler.java:3029)
	at Jenkins Main ClassLoader//org.eclipse.jetty.server.handler.ContextHandler.handle(ContextHandler.java:1071)
	at Jenkins Main ClassLoader//org.eclipse.jetty.server.handler.gzip.GzipHandler.handle(GzipHandler.java:611)
	at Jenkins Main ClassLoader//org.eclipse.jetty.server.Server.handle(Server.java:182)
	at Jenkins Main ClassLoader//org.eclipse.jetty.server.internal.HttpChannelState$HandlerInvoker.run(HttpChannelState.java:677)
	at Jenkins Main ClassLoader//org.eclipse.jetty.server.internal.HttpConnection.onFillable(HttpConnection.java:416)
	at Jenkins Main ClassLoader//org.eclipse.jetty.io.AbstractConnection$ReadCallback.succeeded(AbstractConnection.java:322)
	at Jenkins Main ClassLoader//org.eclipse.jetty.io.FillInterest.fillable(FillInterest.java:99)
	at Jenkins Main ClassLoader//org.eclipse.jetty.io.SelectableChannelEndPoint$1.run(SelectableChannelEndPoint.java:53)
	at Jenkins Main ClassLoader//org.eclipse.jetty.util.thread.strategy.AdaptiveExecutionStrategy.runTask(AdaptiveExecutionStrategy.java:480)
	at Jenkins Main ClassLoader//org.eclipse.jetty.util.thread.strategy.AdaptiveExecutionStrategy.consumeTask(AdaptiveExecutionStrategy.java:443)
	at Jenkins Main ClassLoader//org.eclipse.jetty.util.thread.strategy.AdaptiveExecutionStrategy.tryProduce(AdaptiveExecutionStrategy.java:293)
	at Jenkins Main ClassLoader//org.eclipse.jetty.util.thread.strategy.AdaptiveExecutionStrategy.run(AdaptiveExecutionStrategy.java:201)
	at Jenkins Main ClassLoader//org.eclipse.jetty.util.thread.ReservedThreadExecutor$ReservedThread.run(ReservedThreadExecutor.java:311)
	at Jenkins Main ClassLoader//org.eclipse.jetty.util.thread.QueuedThreadPool.runJob(QueuedThreadPool.java:981)
	at Jenkins Main ClassLoader//org.eclipse.jetty.util.thread.QueuedThreadPool$Runner.doRunJob(QueuedThreadPool.java:1211)
	at Jenkins Main ClassLoader//org.eclipse.jetty.util.thread.QueuedThreadPool$Runner.run(QueuedThreadPool.java:1166)
	at java.base/java.lang.Thread.run(Thread.java:1583)
2025-12-01 15:28:46.557+0000 [id=247]	INFO	hudson.util.Retrier#start: Calling the listener of the allowed exception 'Unexpected error: java.security.InvalidAlgorithmParameterException: the trustAnchors parameter must be non-empty' at the attempt #1 to do the action check updates server
2025-12-01 15:28:46.557+0000 [id=247]	INFO	hudson.util.Retrier#start: Attempted the action check updates server for 1 time(s) with no success
2025-12-01 15:28:46.557+0000 [id=247]	SEVERE	hudson.PluginManager#doCheckUpdatesServer: Error checking update sites for 1 attempt(s). Last exception was: SSLException: Unexpected error: java.security.InvalidAlgorithmParameterException: the trustAnchors parameter must be non-empty
2025-12-01 15:28:46.771+0000 [id=428]	INFO	hudson.util.Retrier#start: The attempt #1 to do the action check updates server failed with an allowed exception:
java.security.InvalidAlgorithmParameterException: the trustAnchors parameter must be non-empty
	at java.base/java.security.cert.PKIXParameters.setTrustAnchors(PKIXParameters.java:200)
	at java.base/java.security.cert.PKIXParameters.<init>(PKIXParameters.java:120)
	at java.base/java.security.cert.PKIXBuilderParameters.<init>(PKIXBuilderParameters.java:104)
	at java.base/sun.security.validator.PKIXValidator.<init>(PKIXValidator.java:94)
Caused: java.lang.RuntimeException: Unexpected error
	at java.base/sun.security.validator.PKIXValidator.<init>(PKIXValidator.java:97)
	at java.base/sun.security.validator.Validator.getInstance(Validator.java:173)
	at java.base/sun.security.ssl.X509TrustManagerImpl.getValidator(X509TrustManagerImpl.java:308)
	at java.base/sun.security.ssl.X509TrustManagerImpl.checkTrustedInit(X509TrustManagerImpl.java:183)
	at java.base/sun.security.ssl.X509TrustManagerImpl.checkTrusted(X509TrustManagerImpl.java:198)
	at java.base/sun.security.ssl.X509TrustManagerImpl.checkServerTrusted(X509TrustManagerImpl.java:132)
	at java.base/sun.security.ssl.CertificateMessage$T13CertificateConsumer.checkServerCerts(CertificateMessage.java:1302)
	at java.base/sun.security.ssl.CertificateMessage$T13CertificateConsumer.onConsumeCertificate(CertificateMessage.java:1195)
	at java.base/sun.security.ssl.CertificateMessage$T13CertificateConsumer.consume(CertificateMessage.java:1138)
	at java.base/sun.security.ssl.SSLHandshake.consume(SSLHandshake.java:393)
	at java.base/sun.security.ssl.HandshakeContext.dispatch(HandshakeContext.java:476)
	at java.base/sun.security.ssl.HandshakeContext.dispatch(HandshakeContext.java:447)
	at java.base/sun.security.ssl.TransportContext.dispatch(TransportContext.java:206)
	at java.base/sun.security.ssl.SSLTransport.decode(SSLTransport.java:172)
	at java.base/sun.security.ssl.SSLSocketImpl.decode(SSLSocketImpl.java:1506)
	at java.base/sun.security.ssl.SSLSocketImpl.readHandshakeRecord(SSLSocketImpl.java:1421)
	at java.base/sun.security.ssl.SSLSocketImpl.startHandshake(SSLSocketImpl.java:455)
Caused: javax.net.ssl.SSLException: Unexpected error: java.security.InvalidAlgorithmParameterException: the trustAnchors parameter must be non-empty
	at java.base/sun.security.ssl.Alert.createSSLException(Alert.java:132)
	at java.base/sun.security.ssl.TransportContext.fatal(TransportContext.java:383)
	at java.base/sun.security.ssl.TransportContext.fatal(TransportContext.java:326)
	at java.base/sun.security.ssl.TransportContext.fatal(TransportContext.java:321)
	at java.base/sun.security.ssl.SSLSocketImpl.handleException(SSLSocketImpl.java:1708)
	at java.base/sun.security.ssl.SSLSocketImpl.startHandshake(SSLSocketImpl.java:470)
	at java.base/sun.security.ssl.SSLSocketImpl.startHandshake(SSLSocketImpl.java:426)
	at java.base/sun.net.www.protocol.https.HttpsClient.afterConnect(HttpsClient.java:586)
	at java.base/sun.net.www.protocol.https.AbstractDelegateHttpsURLConnection.connect(AbstractDelegateHttpsURLConnection.java:187)
	at java.base/sun.net.www.protocol.http.HttpURLConnection.getInputStream0(HttpURLConnection.java:1690)
	at java.base/sun.net.www.protocol.http.HttpURLConnection.getInputStream(HttpURLConnection.java:1614)
	at java.base/sun.net.www.protocol.https.HttpsURLConnectionImpl.getInputStream(HttpsURLConnectionImpl.java:223)
	at hudson.model.DownloadService.loadJSON(DownloadService.java:122)
	at hudson.model.UpdateSite.updateDirectlyNow(UpdateSite.java:240)
	at hudson.model.UpdateSite.updateDirectlyNow(UpdateSite.java:235)
	at hudson.PluginManager.checkUpdatesServer(PluginManager.java:2177)
	at hudson.util.Retrier.start(Retrier.java:62)
	at hudson.PluginManager.doCheckUpdatesServer(PluginManager.java:2148)
	at java.base/java.lang.invoke.MethodHandle.invokeWithArguments(MethodHandle.java:733)
	at org.kohsuke.stapler.Function$MethodFunction.invoke(Function.java:484)
	at org.kohsuke.stapler.Function$InstanceFunction.invoke(Function.java:497)
	at org.kohsuke.stapler.interceptor.RequirePOST$Processor.invoke(RequirePOST.java:79)
	at org.kohsuke.stapler.PreInvokeInterceptedFunction.invoke(PreInvokeInterceptedFunction.java:26)
	at org.kohsuke.stapler.Function.bindAndInvoke(Function.java:218)
	at org.kohsuke.stapler.Function.bindAndInvokeAndServeResponse(Function.java:140)
	at org.kohsuke.stapler.MetaClass$12.doDispatch(MetaClass.java:686)
	at org.kohsuke.stapler.NameBasedDispatcher.dispatch(NameBasedDispatcher.java:61)
	at org.kohsuke.stapler.Stapler.tryInvoke(Stapler.java:800)
	at org.kohsuke.stapler.Stapler.invoke(Stapler.java:938)
	at org.kohsuke.stapler.MetaClass$1.doDispatch(MetaClass.java:183)
	at org.kohsuke.stapler.NameBasedDispatcher.dispatch(NameBasedDispatcher.java:61)
	at org.kohsuke.stapler.Stapler.tryInvoke(Stapler.java:800)
	at org.kohsuke.stapler.Stapler.invoke(Stapler.java:938)
	at org.kohsuke.stapler.Stapler.tryInvoke(Stapler.java:871)
	at org.kohsuke.stapler.Stapler.invoke(Stapler.java:938)
	at org.kohsuke.stapler.MetaClass$10.dispatch(MetaClass.java:590)
	at org.kohsuke.stapler.Stapler.tryInvoke(Stapler.java:800)
	at org.kohsuke.stapler.Stapler.invoke(Stapler.java:938)
	at org.kohsuke.stapler.Stapler.invoke(Stapler.java:721)
	at org.kohsuke.stapler.Stapler.service(Stapler.java:253)
	at Jenkins Main ClassLoader//jakarta.servlet.http.HttpServlet.service(HttpServlet.java:587)
	at Jenkins Main ClassLoader//org.eclipse.jetty.ee9.servlet.ServletHolder.handle(ServletHolder.java:780)
	at Jenkins Main ClassLoader//org.eclipse.jetty.ee9.servlet.ServletHandler$ChainEnd.doFilter(ServletHandler.java:1668)
	at hudson.util.PluginServletFilter$1.doFilter(PluginServletFilter.java:204)
	at PluginClassLoader for metrics//jenkins.metrics.impl.MetricsFilter.doFilter(MetricsFilter.java:125)
	at hudson.util.PluginServletFilter$1.doFilter(PluginServletFilter.java:201)
	at jenkins.util.HttpServletFilter$1.doFilter(HttpServletFilter.java:77)
	at hudson.util.PluginServletFilter$1.doFilter(PluginServletFilter.java:201)
	at hudson.util.PluginServletFilter.doFilter(PluginServletFilter.java:207)
	at Jenkins Main ClassLoader//org.eclipse.jetty.ee9.servlet.FilterHolder.doFilter(FilterHolder.java:202)
	at Jenkins Main ClassLoader//org.eclipse.jetty.ee9.servlet.ServletHandler$Chain.doFilter(ServletHandler.java:1638)
	at jenkins.ErrorAttributeFilter.doFilter(ErrorAttributeFilter.java:29)
	at Jenkins Main ClassLoader//org.eclipse.jetty.ee9.servlet.FilterHolder.doFilter(FilterHolder.java:202)
	at Jenkins Main ClassLoader//org.eclipse.jetty.ee9.servlet.ServletHandler$Chain.doFilter(ServletHandler.java:1638)
	at hudson.security.csrf.CrumbFilter.doFilter(CrumbFilter.java:154)
	at Jenkins Main ClassLoader//org.eclipse.jetty.ee9.servlet.FilterHolder.doFilter(FilterHolder.java:202)
	at Jenkins Main ClassLoader//org.eclipse.jetty.ee9.servlet.ServletHandler$Chain.doFilter(ServletHandler.java:1638)
	at hudson.security.ChainedServletFilter2$1.doFilter(ChainedServletFilter2.java:94)
	at jenkins.security.AcegiSecurityExceptionFilter.doFilter(AcegiSecurityExceptionFilter.java:52)
	at hudson.security.ChainedServletFilter2$1.doFilter(ChainedServletFilter2.java:99)
	at hudson.security.UnwrapSecurityExceptionFilter.doFilter(UnwrapSecurityExceptionFilter.java:54)
	at hudson.security.ChainedServletFilter2$1.doFilter(ChainedServletFilter2.java:99)
	at org.springframework.security.web.access.ExceptionTranslationFilter.doFilter(ExceptionTranslationFilter.java:125)
	at org.springframework.security.web.access.ExceptionTranslationFilter.doFilter(ExceptionTranslationFilter.java:119)
	at hudson.security.ChainedServletFilter2$1.doFilter(ChainedServletFilter2.java:99)
	at org.springframework.security.web.authentication.AnonymousAuthenticationFilter.doFilter(AnonymousAuthenticationFilter.java:100)
	at hudson.security.ChainedServletFilter2$1.doFilter(ChainedServletFilter2.java:99)
	at org.springframework.security.web.authentication.rememberme.RememberMeAuthenticationFilter.doFilter(RememberMeAuthenticationFilter.java:114)
	at org.springframework.security.web.authentication.rememberme.RememberMeAuthenticationFilter.doFilter(RememberMeAuthenticationFilter.java:105)
	at hudson.security.ChainedServletFilter2$1.doFilter(ChainedServletFilter2.java:99)
	at org.springframework.security.web.authentication.AbstractAuthenticationProcessingFilter.doFilter(AbstractAuthenticationProcessingFilter.java:235)
	at org.springframework.security.web.authentication.AbstractAuthenticationProcessingFilter.doFilter(AbstractAuthenticationProcessingFilter.java:229)
	at hudson.security.ChainedServletFilter2$1.doFilter(ChainedServletFilter2.java:99)
	at jenkins.security.BasicHeaderProcessor.doFilter(BasicHeaderProcessor.java:106)
	at hudson.security.ChainedServletFilter2$1.doFilter(ChainedServletFilter2.java:99)
	at org.springframework.security.web.context.SecurityContextPersistenceFilter.doFilter(SecurityContextPersistenceFilter.java:117)
	at org.springframework.security.web.context.SecurityContextPersistenceFilter.doFilter(SecurityContextPersistenceFilter.java:87)
	at hudson.security.HttpSessionContextIntegrationFilter2.doFilter(HttpSessionContextIntegrationFilter2.java:63)
	at hudson.security.ChainedServletFilter2$1.doFilter(ChainedServletFilter2.java:99)
	at hudson.security.ChainedServletFilter2.doFilter(ChainedServletFilter2.java:111)
	at hudson.security.HudsonFilter.doFilter(HudsonFilter.java:173)
	at Jenkins Main ClassLoader//org.eclipse.jetty.ee9.servlet.FilterHolder.doFilter(FilterHolder.java:202)
	at Jenkins Main ClassLoader//org.eclipse.jetty.ee9.servlet.ServletHandler$Chain.doFilter(ServletHandler.java:1638)
	at org.kohsuke.stapler.UncaughtExceptionFilter.doFilter(UncaughtExceptionFilter.java:26)
	at Jenkins Main ClassLoader//org.eclipse.jetty.ee9.servlet.FilterHolder.doFilter(FilterHolder.java:202)
	at Jenkins Main ClassLoader//org.eclipse.jetty.ee9.servlet.ServletHandler$Chain.doFilter(ServletHandler.java:1638)
	at hudson.util.CharacterEncodingFilter.doFilter(CharacterEncodingFilter.java:86)
	at Jenkins Main ClassLoader//org.eclipse.jetty.ee9.servlet.FilterHolder.doFilter(FilterHolder.java:202)
	at Jenkins Main ClassLoader//org.eclipse.jetty.ee9.servlet.ServletHandler$Chain.doFilter(ServletHandler.java:1638)
	at org.kohsuke.stapler.DiagnosticThreadNameFilter.doFilter(DiagnosticThreadNameFilter.java:31)
	at Jenkins Main ClassLoader//org.eclipse.jetty.ee9.servlet.FilterHolder.doFilter(FilterHolder.java:202)
	at Jenkins Main ClassLoader//org.eclipse.jetty.ee9.servlet.ServletHandler$Chain.doFilter(ServletHandler.java:1638)
	at jenkins.security.SuspiciousRequestFilter.doFilter(SuspiciousRequestFilter.java:38)
	at Jenkins Main ClassLoader//org.eclipse.jetty.ee9.servlet.FilterHolder.doFilter(FilterHolder.java:202)
	at Jenkins Main ClassLoader//org.eclipse.jetty.ee9.servlet.ServletHandler$Chain.doFilter(ServletHandler.java:1638)
	at Jenkins Main ClassLoader//org.eclipse.jetty.ee9.servlet.ServletHandler.doHandle(ServletHandler.java:526)
	at Jenkins Main ClassLoader//org.eclipse.jetty.ee9.nested.ScopedHandler.handle(ScopedHandler.java:127)
	at Jenkins Main ClassLoader//org.eclipse.jetty.ee9.security.SecurityHandler.handle(SecurityHandler.java:574)
	at Jenkins Main ClassLoader//org.eclipse.jetty.ee9.nested.HandlerWrapper.handle(HandlerWrapper.java:124)
	at Jenkins Main ClassLoader//org.eclipse.jetty.ee9.nested.ScopedHandler.nextHandle(ScopedHandler.java:197)
	at Jenkins Main ClassLoader//org.eclipse.jetty.ee9.nested.SessionHandler.doHandle(SessionHandler.java:612)
	at Jenkins Main ClassLoader//org.eclipse.jetty.ee9.nested.ScopedHandler.nextHandle(ScopedHandler.java:195)
	at Jenkins Main ClassLoader//org.eclipse.jetty.ee9.nested.ContextHandler.doHandle(ContextHandler.java:1045)
	at Jenkins Main ClassLoader//org.eclipse.jetty.ee9.nested.ScopedHandler.nextScope(ScopedHandler.java:164)
	at Jenkins Main ClassLoader//org.eclipse.jetty.ee9.servlet.ServletHandler.doScope(ServletHandler.java:483)
	at Jenkins Main ClassLoader//org.eclipse.jetty.ee9.nested.ScopedHandler.nextScope(ScopedHandler.java:162)
	at Jenkins Main ClassLoader//org.eclipse.jetty.ee9.nested.SessionHandler.doScope(SessionHandler.java:589)
	at Jenkins Main ClassLoader//org.eclipse.jetty.ee9.nested.ScopedHandler.nextScope(ScopedHandler.java:162)
	at Jenkins Main ClassLoader//org.eclipse.jetty.ee9.nested.ContextHandler.doScope(ContextHandler.java:966)
	at Jenkins Main ClassLoader//org.eclipse.jetty.ee9.nested.ScopedHandler.handle(ScopedHandler.java:125)
	at Jenkins Main ClassLoader//org.eclipse.jetty.ee9.nested.ContextHandler.handle(ContextHandler.java:1719)
	at Jenkins Main ClassLoader//org.eclipse.jetty.ee9.nested.HttpChannel$RequestDispatchable.dispatch(HttpChannel.java:1565)
	at Jenkins Main ClassLoader//org.eclipse.jetty.ee9.nested.HttpChannel.dispatch(HttpChannel.java:724)
	at Jenkins Main ClassLoader//org.eclipse.jetty.ee9.nested.HttpChannel.handle(HttpChannel.java:512)
	at Jenkins Main ClassLoader//org.eclipse.jetty.ee9.nested.ContextHandler$CoreContextHandler$CoreToNestedHandler.handle(ContextHandler.java:3029)
	at Jenkins Main ClassLoader//org.eclipse.jetty.server.handler.ContextHandler.handle(ContextHandler.java:1071)
	at Jenkins Main ClassLoader//org.eclipse.jetty.server.handler.gzip.GzipHandler.handle(GzipHandler.java:611)
	at Jenkins Main ClassLoader//org.eclipse.jetty.server.Server.handle(Server.java:182)
	at Jenkins Main ClassLoader//org.eclipse.jetty.server.internal.HttpChannelState$HandlerInvoker.run(HttpChannelState.java:677)
	at Jenkins Main ClassLoader//org.eclipse.jetty.server.internal.HttpConnection.onFillable(HttpConnection.java:416)
	at Jenkins Main ClassLoader//org.eclipse.jetty.io.AbstractConnection$ReadCallback.succeeded(AbstractConnection.java:322)
	at Jenkins Main ClassLoader//org.eclipse.jetty.io.FillInterest.fillable(FillInterest.java:99)
	at Jenkins Main ClassLoader//org.eclipse.jetty.io.SelectableChannelEndPoint$1.run(SelectableChannelEndPoint.java:53)
	at Jenkins Main ClassLoader//org.eclipse.jetty.util.thread.QueuedThreadPool.runJob(QueuedThreadPool.java:981)
	at Jenkins Main ClassLoader//org.eclipse.jetty.util.thread.QueuedThreadPool$Runner.doRunJob(QueuedThreadPool.java:1211)
	at Jenkins Main ClassLoader//org.eclipse.jetty.util.thread.QueuedThreadPool$Runner.run(QueuedThreadPool.java:1166)
	at java.base/java.lang.Thread.run(Thread.java:1583)
2025-12-01 15:28:46.773+0000 [id=428]	INFO	hudson.util.Retrier#start: Calling the listener of the allowed exception 'Unexpected error: java.security.InvalidAlgorithmParameterException: the trustAnchors parameter must be non-empty' at the attempt #1 to do the action check updates server
2025-12-01 15:28:46.774+0000 [id=428]	INFO	hudson.util.Retrier#start: Attempted the action check updates server for 1 time(s) with no success
2025-12-01 15:28:46.774+0000 [id=428]	SEVERE	hudson.PluginManager#doCheckUpdatesServer: Error checking update sites for 1 attempt(s). Last exception was: SSLException: Unexpected error: java.security.InvalidAlgorithmParameterException: the trustAnchors parameter must be non-empty
2025-12-01 15:28:47.184+0000 [id=94]	INFO	hudson.util.Retrier#start: The attempt #1 to do the action check updates server failed with an allowed exception:
java.security.InvalidAlgorithmParameterException: the trustAnchors parameter must be non-empty
	at java.base/java.security.cert.PKIXParameters.setTrustAnchors(PKIXParameters.java:200)
	at java.base/java.security.cert.PKIXParameters.<init>(PKIXParameters.java:120)
	at java.base/java.security.cert.PKIXBuilderParameters.<init>(PKIXBuilderParameters.java:104)
	at java.base/sun.security.validator.PKIXValidator.<init>(PKIXValidator.java:94)
Caused: java.lang.RuntimeException: Unexpected error
	at java.base/sun.security.validator.PKIXValidator.<init>(PKIXValidator.java:97)
	at java.base/sun.security.validator.Validator.getInstance(Validator.java:173)
	at java.base/sun.security.ssl.X509TrustManagerImpl.getValidator(X509TrustManagerImpl.java:308)
	at java.base/sun.security.ssl.X509TrustManagerImpl.checkTrustedInit(X509TrustManagerImpl.java:183)
	at java.base/sun.security.ssl.X509TrustManagerImpl.checkTrusted(X509TrustManagerImpl.java:198)
	at java.base/sun.security.ssl.X509TrustManagerImpl.checkServerTrusted(X509TrustManagerImpl.java:132)
	at java.base/sun.security.ssl.CertificateMessage$T13CertificateConsumer.checkServerCerts(CertificateMessage.java:1302)
	at java.base/sun.security.ssl.CertificateMessage$T13CertificateConsumer.onConsumeCertificate(CertificateMessage.java:1195)
	at java.base/sun.security.ssl.CertificateMessage$T13CertificateConsumer.consume(CertificateMessage.java:1138)
	at java.base/sun.security.ssl.SSLHandshake.consume(SSLHandshake.java:393)
	at java.base/sun.security.ssl.HandshakeContext.dispatch(HandshakeContext.java:476)
	at java.base/sun.security.ssl.HandshakeContext.dispatch(HandshakeContext.java:447)
	at java.base/sun.security.ssl.TransportContext.dispatch(TransportContext.java:206)
	at java.base/sun.security.ssl.SSLTransport.decode(SSLTransport.java:172)
	at java.base/sun.security.ssl.SSLSocketImpl.decode(SSLSocketImpl.java:1506)
	at java.base/sun.security.ssl.SSLSocketImpl.readHandshakeRecord(SSLSocketImpl.java:1421)
	at java.base/sun.security.ssl.SSLSocketImpl.startHandshake(SSLSocketImpl.java:455)
Caused: javax.net.ssl.SSLException: Unexpected error: java.security.InvalidAlgorithmParameterException: the trustAnchors parameter must be non-empty
	at java.base/sun.security.ssl.Alert.createSSLException(Alert.java:132)
	at java.base/sun.security.ssl.TransportContext.fatal(TransportContext.java:383)
	at java.base/sun.security.ssl.TransportContext.fatal(TransportContext.java:326)
	at java.base/sun.security.ssl.TransportContext.fatal(TransportContext.java:321)
	at java.base/sun.security.ssl.SSLSocketImpl.handleException(SSLSocketImpl.java:1708)
	at java.base/sun.security.ssl.SSLSocketImpl.startHandshake(SSLSocketImpl.java:470)
	at java.base/sun.security.ssl.SSLSocketImpl.startHandshake(SSLSocketImpl.java:426)
	at java.base/sun.net.www.protocol.https.HttpsClient.afterConnect(HttpsClient.java:586)
	at java.base/sun.net.www.protocol.https.AbstractDelegateHttpsURLConnection.connect(AbstractDelegateHttpsURLConnection.java:187)
	at java.base/sun.net.www.protocol.http.HttpURLConnection.getInputStream0(HttpURLConnection.java:1690)
	at java.base/sun.net.www.protocol.http.HttpURLConnection.getInputStream(HttpURLConnection.java:1614)
	at java.base/sun.net.www.protocol.https.HttpsURLConnectionImpl.getInputStream(HttpsURLConnectionImpl.java:223)
	at hudson.model.DownloadService.loadJSON(DownloadService.java:122)
	at hudson.model.UpdateSite.updateDirectlyNow(UpdateSite.java:240)
	at hudson.model.UpdateSite.updateDirectlyNow(UpdateSite.java:235)
	at hudson.PluginManager.checkUpdatesServer(PluginManager.java:2177)
	at hudson.util.Retrier.start(Retrier.java:62)
	at hudson.PluginManager.doCheckUpdatesServer(PluginManager.java:2148)
	at java.base/java.lang.invoke.MethodHandle.invokeWithArguments(MethodHandle.java:733)
	at org.kohsuke.stapler.Function$MethodFunction.invoke(Function.java:484)
	at org.kohsuke.stapler.Function$InstanceFunction.invoke(Function.java:497)
	at org.kohsuke.stapler.interceptor.RequirePOST$Processor.invoke(RequirePOST.java:79)
	at org.kohsuke.stapler.PreInvokeInterceptedFunction.invoke(PreInvokeInterceptedFunction.java:26)
	at org.kohsuke.stapler.Function.bindAndInvoke(Function.java:218)
	at org.kohsuke.stapler.Function.bindAndInvokeAndServeResponse(Function.java:140)
	at org.kohsuke.stapler.MetaClass$12.doDispatch(MetaClass.java:686)
	at org.kohsuke.stapler.NameBasedDispatcher.dispatch(NameBasedDispatcher.java:61)
	at org.kohsuke.stapler.Stapler.tryInvoke(Stapler.java:800)
	at org.kohsuke.stapler.Stapler.invoke(Stapler.java:938)
	at org.kohsuke.stapler.MetaClass$1.doDispatch(MetaClass.java:183)
	at org.kohsuke.stapler.NameBasedDispatcher.dispatch(NameBasedDispatcher.java:61)
	at org.kohsuke.stapler.Stapler.tryInvoke(Stapler.java:800)
	at org.kohsuke.stapler.Stapler.invoke(Stapler.java:938)
	at org.kohsuke.stapler.Stapler.tryInvoke(Stapler.java:871)
	at org.kohsuke.stapler.Stapler.invoke(Stapler.java:938)
	at org.kohsuke.stapler.MetaClass$10.dispatch(MetaClass.java:590)
	at org.kohsuke.stapler.Stapler.tryInvoke(Stapler.java:800)
	at org.kohsuke.stapler.Stapler.invoke(Stapler.java:938)
	at org.kohsuke.stapler.Stapler.invoke(Stapler.java:721)
	at org.kohsuke.stapler.Stapler.service(Stapler.java:253)
	at Jenkins Main ClassLoader//jakarta.servlet.http.HttpServlet.service(HttpServlet.java:587)
	at Jenkins Main ClassLoader//org.eclipse.jetty.ee9.servlet.ServletHolder.handle(ServletHolder.java:780)
	at Jenkins Main ClassLoader//org.eclipse.jetty.ee9.servlet.ServletHandler$ChainEnd.doFilter(ServletHandler.java:1668)
	at hudson.util.PluginServletFilter$1.doFilter(PluginServletFilter.java:204)
	at PluginClassLoader for metrics//jenkins.metrics.impl.MetricsFilter.doFilter(MetricsFilter.java:125)
	at hudson.util.PluginServletFilter$1.doFilter(PluginServletFilter.java:201)
	at jenkins.util.HttpServletFilter$1.doFilter(HttpServletFilter.java:77)
	at hudson.util.PluginServletFilter$1.doFilter(PluginServletFilter.java:201)
	at hudson.util.PluginServletFilter.doFilter(PluginServletFilter.java:207)
	at Jenkins Main ClassLoader//org.eclipse.jetty.ee9.servlet.FilterHolder.doFilter(FilterHolder.java:202)
	at Jenkins Main ClassLoader//org.eclipse.jetty.ee9.servlet.ServletHandler$Chain.doFilter(ServletHandler.java:1638)
	at jenkins.ErrorAttributeFilter.doFilter(ErrorAttributeFilter.java:29)
	at Jenkins Main ClassLoader//org.eclipse.jetty.ee9.servlet.FilterHolder.doFilter(FilterHolder.java:202)
	at Jenkins Main ClassLoader//org.eclipse.jetty.ee9.servlet.ServletHandler$Chain.doFilter(ServletHandler.java:1638)
	at hudson.security.csrf.CrumbFilter.doFilter(CrumbFilter.java:154)
	at Jenkins Main ClassLoader//org.eclipse.jetty.ee9.servlet.FilterHolder.doFilter(FilterHolder.java:202)
	at Jenkins Main ClassLoader//org.eclipse.jetty.ee9.servlet.ServletHandler$Chain.doFilter(ServletHandler.java:1638)
	at hudson.security.ChainedServletFilter2$1.doFilter(ChainedServletFilter2.java:94)
	at jenkins.security.AcegiSecurityExceptionFilter.doFilter(AcegiSecurityExceptionFilter.java:52)
	at hudson.security.ChainedServletFilter2$1.doFilter(ChainedServletFilter2.java:99)
	at hudson.security.UnwrapSecurityExceptionFilter.doFilter(UnwrapSecurityExceptionFilter.java:54)
	at hudson.security.ChainedServletFilter2$1.doFilter(ChainedServletFilter2.java:99)
	at org.springframework.security.web.access.ExceptionTranslationFilter.doFilter(ExceptionTranslationFilter.java:125)
	at org.springframework.security.web.access.ExceptionTranslationFilter.doFilter(ExceptionTranslationFilter.java:119)
	at hudson.security.ChainedServletFilter2$1.doFilter(ChainedServletFilter2.java:99)
	at org.springframework.security.web.authentication.AnonymousAuthenticationFilter.doFilter(AnonymousAuthenticationFilter.java:100)
	at hudson.security.ChainedServletFilter2$1.doFilter(ChainedServletFilter2.java:99)
	at org.springframework.security.web.authentication.rememberme.RememberMeAuthenticationFilter.doFilter(RememberMeAuthenticationFilter.java:114)
	at org.springframework.security.web.authentication.rememberme.RememberMeAuthenticationFilter.doFilter(RememberMeAuthenticationFilter.java:105)
	at hudson.security.ChainedServletFilter2$1.doFilter(ChainedServletFilter2.java:99)
	at org.springframework.security.web.authentication.AbstractAuthenticationProcessingFilter.doFilter(AbstractAuthenticationProcessingFilter.java:235)
	at org.springframework.security.web.authentication.AbstractAuthenticationProcessingFilter.doFilter(AbstractAuthenticationProcessingFilter.java:229)
	at hudson.security.ChainedServletFilter2$1.doFilter(ChainedServletFilter2.java:99)
	at jenkins.security.BasicHeaderProcessor.doFilter(BasicHeaderProcessor.java:106)
	at hudson.security.ChainedServletFilter2$1.doFilter(ChainedServletFilter2.java:99)
	at org.springframework.security.web.context.SecurityContextPersistenceFilter.doFilter(SecurityContextPersistenceFilter.java:117)
	at org.springframework.security.web.context.SecurityContextPersistenceFilter.doFilter(SecurityContextPersistenceFilter.java:87)
	at hudson.security.HttpSessionContextIntegrationFilter2.doFilter(HttpSessionContextIntegrationFilter2.java:63)
	at hudson.security.ChainedServletFilter2$1.doFilter(ChainedServletFilter2.java:99)
	at hudson.security.ChainedServletFilter2.doFilter(ChainedServletFilter2.java:111)
	at hudson.security.HudsonFilter.doFilter(HudsonFilter.java:173)
	at Jenkins Main ClassLoader//org.eclipse.jetty.ee9.servlet.FilterHolder.doFilter(FilterHolder.java:202)
	at Jenkins Main ClassLoader//org.eclipse.jetty.ee9.servlet.ServletHandler$Chain.doFilter(ServletHandler.java:1638)
	at org.kohsuke.stapler.UncaughtExceptionFilter.doFilter(UncaughtExceptionFilter.java:26)
	at Jenkins Main ClassLoader//org.eclipse.jetty.ee9.servlet.FilterHolder.doFilter(FilterHolder.java:202)
	at Jenkins Main ClassLoader//org.eclipse.jetty.ee9.servlet.ServletHandler$Chain.doFilter(ServletHandler.java:1638)
	at hudson.util.CharacterEncodingFilter.doFilter(CharacterEncodingFilter.java:86)
	at Jenkins Main ClassLoader//org.eclipse.jetty.ee9.servlet.FilterHolder.doFilter(FilterHolder.java:202)
	at Jenkins Main ClassLoader//org.eclipse.jetty.ee9.servlet.ServletHandler$Chain.doFilter(ServletHandler.java:1638)
	at org.kohsuke.stapler.DiagnosticThreadNameFilter.doFilter(DiagnosticThreadNameFilter.java:31)
	at Jenkins Main ClassLoader//org.eclipse.jetty.ee9.servlet.FilterHolder.doFilter(FilterHolder.java:202)
	at Jenkins Main ClassLoader//org.eclipse.jetty.ee9.servlet.ServletHandler$Chain.doFilter(ServletHandler.java:1638)
	at jenkins.security.SuspiciousRequestFilter.doFilter(SuspiciousRequestFilter.java:38)
	at Jenkins Main ClassLoader//org.eclipse.jetty.ee9.servlet.FilterHolder.doFilter(FilterHolder.java:202)
	at Jenkins Main ClassLoader//org.eclipse.jetty.ee9.servlet.ServletHandler$Chain.doFilter(ServletHandler.java:1638)
	at Jenkins Main ClassLoader//org.eclipse.jetty.ee9.servlet.ServletHandler.doHandle(ServletHandler.java:526)
	at Jenkins Main ClassLoader//org.eclipse.jetty.ee9.nested.ScopedHandler.handle(ScopedHandler.java:127)
	at Jenkins Main ClassLoader//org.eclipse.jetty.ee9.security.SecurityHandler.handle(SecurityHandler.java:574)
	at Jenkins Main ClassLoader//org.eclipse.jetty.ee9.nested.HandlerWrapper.handle(HandlerWrapper.java:124)
	at Jenkins Main ClassLoader//org.eclipse.jetty.ee9.nested.ScopedHandler.nextHandle(ScopedHandler.java:197)
	at Jenkins Main ClassLoader//org.eclipse.jetty.ee9.nested.SessionHandler.doHandle(SessionHandler.java:612)
	at Jenkins Main ClassLoader//org.eclipse.jetty.ee9.nested.ScopedHandler.nextHandle(ScopedHandler.java:195)
	at Jenkins Main ClassLoader//org.eclipse.jetty.ee9.nested.ContextHandler.doHandle(ContextHandler.java:1045)
	at Jenkins Main ClassLoader//org.eclipse.jetty.ee9.nested.ScopedHandler.nextScope(ScopedHandler.java:164)
	at Jenkins Main ClassLoader//org.eclipse.jetty.ee9.servlet.ServletHandler.doScope(ServletHandler.java:483)
	at Jenkins Main ClassLoader//org.eclipse.jetty.ee9.nested.ScopedHandler.nextScope(ScopedHandler.java:162)
	at Jenkins Main ClassLoader//org.eclipse.jetty.ee9.nested.SessionHandler.doScope(SessionHandler.java:589)
	at Jenkins Main ClassLoader//org.eclipse.jetty.ee9.nested.ScopedHandler.nextScope(ScopedHandler.java:162)
	at Jenkins Main ClassLoader//org.eclipse.jetty.ee9.nested.ContextHandler.doScope(ContextHandler.java:966)
	at Jenkins Main ClassLoader//org.eclipse.jetty.ee9.nested.ScopedHandler.handle(ScopedHandler.java:125)
	at Jenkins Main ClassLoader//org.eclipse.jetty.ee9.nested.ContextHandler.handle(ContextHandler.java:1719)
	at Jenkins Main ClassLoader//org.eclipse.jetty.ee9.nested.HttpChannel$RequestDispatchable.dispatch(HttpChannel.java:1565)
	at Jenkins Main ClassLoader//org.eclipse.jetty.ee9.nested.HttpChannel.dispatch(HttpChannel.java:724)
	at Jenkins Main ClassLoader//org.eclipse.jetty.ee9.nested.HttpChannel.handle(HttpChannel.java:512)
	at Jenkins Main ClassLoader//org.eclipse.jetty.ee9.nested.ContextHandler$CoreContextHandler$CoreToNestedHandler.handle(ContextHandler.java:3029)
	at Jenkins Main ClassLoader//org.eclipse.jetty.server.handler.ContextHandler.handle(ContextHandler.java:1071)
	at Jenkins Main ClassLoader//org.eclipse.jetty.server.handler.gzip.GzipHandler.handle(GzipHandler.java:611)
	at Jenkins Main ClassLoader//org.eclipse.jetty.server.Server.handle(Server.java:182)
	at Jenkins Main ClassLoader//org.eclipse.jetty.server.internal.HttpChannelState$HandlerInvoker.run(HttpChannelState.java:677)
	at Jenkins Main ClassLoader//org.eclipse.jetty.server.internal.HttpConnection.onFillable(HttpConnection.java:416)
	at Jenkins Main ClassLoader//org.eclipse.jetty.io.AbstractConnection$ReadCallback.succeeded(AbstractConnection.java:322)
	at Jenkins Main ClassLoader//org.eclipse.jetty.io.FillInterest.fillable(FillInterest.java:99)
	at Jenkins Main ClassLoader//org.eclipse.jetty.io.SelectableChannelEndPoint$1.run(SelectableChannelEndPoint.java:53)
	at Jenkins Main ClassLoader//org.eclipse.jetty.util.thread.strategy.AdaptiveExecutionStrategy.runTask(AdaptiveExecutionStrategy.java:480)
	at Jenkins Main ClassLoader//org.eclipse.jetty.util.thread.strategy.AdaptiveExecutionStrategy.consumeTask(AdaptiveExecutionStrategy.java:443)
	at Jenkins Main ClassLoader//org.eclipse.jetty.util.thread.strategy.AdaptiveExecutionStrategy.tryProduce(AdaptiveExecutionStrategy.java:293)
	at Jenkins Main ClassLoader//org.eclipse.jetty.util.thread.strategy.AdaptiveExecutionStrategy.run(AdaptiveExecutionStrategy.java:201)
	at Jenkins Main ClassLoader//org.eclipse.jetty.util.thread.ReservedThreadExecutor$ReservedThread.run(ReservedThreadExecutor.java:311)
	at Jenkins Main ClassLoader//org.eclipse.jetty.util.thread.QueuedThreadPool.runJob(QueuedThreadPool.java:981)
	at Jenkins Main ClassLoader//org.eclipse.jetty.util.thread.QueuedThreadPool$Runner.doRunJob(QueuedThreadPool.java:1211)
	at Jenkins Main ClassLoader//org.eclipse.jetty.util.thread.QueuedThreadPool$Runner.run(QueuedThreadPool.java:1166)
	at java.base/java.lang.Thread.run(Thread.java:1583)
2025-12-01 15:28:47.186+0000 [id=94]	INFO	hudson.util.Retrier#start: Calling the listener of the allowed exception 'Unexpected error: java.security.InvalidAlgorithmParameterException: the trustAnchors parameter must be non-empty' at the attempt #1 to do the action check updates server
2025-12-01 15:28:47.188+0000 [id=94]	INFO	hudson.util.Retrier#start: Attempted the action check updates server for 1 time(s) with no success
2025-12-01 15:28:47.188+0000 [id=94]	SEVERE	hudson.PluginManager#doCheckUpdatesServer: Error checking update sites for 1 attempt(s). Last exception was: SSLException: Unexpected error: java.security.InvalidAlgorithmParameterException: the trustAnchors parameter must be non-empty
2025-12-01 15:28:59.572+0000 [id=35]	INFO	hudson.PluginManager#install: Starting installation of a batch of 1 plugins plus their dependencies
2025-12-01 15:28:59.573+0000 [id=434]	INFO	h.model.UpdateCenter$DownloadJob#run: Starting the installation of testng-plugin on behalf of Ashwini
2025-12-01 15:28:59.574+0000 [id=434]	INFO	h.m.UpdateCenter$UpdateCenterConfiguration#download: Downloading testng-plugin
2025-12-01 15:29:00.030+0000 [id=434]	SEVERE	h.model.UpdateCenter$DownloadJob#run: Failed to install testng-plugin
java.security.InvalidAlgorithmParameterException: the trustAnchors parameter must be non-empty
	at java.base/java.security.cert.PKIXParameters.setTrustAnchors(PKIXParameters.java:200)
	at java.base/java.security.cert.PKIXParameters.<init>(PKIXParameters.java:120)
	at java.base/java.security.cert.PKIXBuilderParameters.<init>(PKIXBuilderParameters.java:104)
	at java.base/sun.security.validator.PKIXValidator.<init>(PKIXValidator.java:94)
Caused: java.lang.RuntimeException: Unexpected error
	at java.base/sun.security.validator.PKIXValidator.<init>(PKIXValidator.java:97)
	at java.base/sun.security.validator.Validator.getInstance(Validator.java:173)
	at java.base/sun.security.ssl.X509TrustManagerImpl.getValidator(X509TrustManagerImpl.java:308)
	at java.base/sun.security.ssl.X509TrustManagerImpl.checkTrustedInit(X509TrustManagerImpl.java:183)
	at java.base/sun.security.ssl.X509TrustManagerImpl.checkTrusted(X509TrustManagerImpl.java:198)
	at java.base/sun.security.ssl.X509TrustManagerImpl.checkServerTrusted(X509TrustManagerImpl.java:132)
	at java.base/sun.security.ssl.CertificateMessage$T13CertificateConsumer.checkServerCerts(CertificateMessage.java:1302)
	at java.base/sun.security.ssl.CertificateMessage$T13CertificateConsumer.onConsumeCertificate(CertificateMessage.java:1195)
	at java.base/sun.security.ssl.CertificateMessage$T13CertificateConsumer.consume(CertificateMessage.java:1138)
	at java.base/sun.security.ssl.SSLHandshake.consume(SSLHandshake.java:393)
	at java.base/sun.security.ssl.HandshakeContext.dispatch(HandshakeContext.java:476)
	at java.base/sun.security.ssl.HandshakeContext.dispatch(HandshakeContext.java:447)
	at java.base/sun.security.ssl.TransportContext.dispatch(TransportContext.java:206)
	at java.base/sun.security.ssl.SSLTransport.decode(SSLTransport.java:172)
	at java.base/sun.security.ssl.SSLSocketImpl.decode(SSLSocketImpl.java:1506)
	at java.base/sun.security.ssl.SSLSocketImpl.readHandshakeRecord(SSLSocketImpl.java:1421)
	at java.base/sun.security.ssl.SSLSocketImpl.startHandshake(SSLSocketImpl.java:455)
Caused: javax.net.ssl.SSLException: Unexpected error: java.security.InvalidAlgorithmParameterException: the trustAnchors parameter must be non-empty
	at java.base/sun.security.ssl.Alert.createSSLException(Alert.java:132)
	at java.base/sun.security.ssl.TransportContext.fatal(TransportContext.java:383)
	at java.base/sun.security.ssl.TransportContext.fatal(TransportContext.java:326)
	at java.base/sun.security.ssl.TransportContext.fatal(TransportContext.java:321)
	at java.base/sun.security.ssl.SSLSocketImpl.handleException(SSLSocketImpl.java:1708)
	at java.base/sun.security.ssl.SSLSocketImpl.startHandshake(SSLSocketImpl.java:470)
	at java.base/sun.security.ssl.SSLSocketImpl.startHandshake(SSLSocketImpl.java:426)
	at java.base/sun.net.www.protocol.https.HttpsClient.afterConnect(HttpsClient.java:586)
	at java.base/sun.net.www.protocol.https.AbstractDelegateHttpsURLConnection.connect(AbstractDelegateHttpsURLConnection.java:187)
	at java.base/sun.net.www.protocol.http.HttpURLConnection.getInputStream0(HttpURLConnection.java:1690)
	at java.base/sun.net.www.protocol.http.HttpURLConnection.getInputStream(HttpURLConnection.java:1614)
	at java.base/sun.net.www.protocol.https.HttpsURLConnectionImpl.getInputStream(HttpsURLConnectionImpl.java:223)
	at hudson.model.UpdateCenter$UpdateCenterConfiguration.download(UpdateCenter.java:1365)
Caused: java.io.IOException: Failed to load https://updates.jenkins.io/download/plugins/testng-plugin/940.vc244edffc2ec/testng-plugin.hpi to C:\ProgramData\Jenkins\.jenkins\plugins\testng-plugin.jpi.tmp
	at hudson.model.UpdateCenter$UpdateCenterConfiguration.download(UpdateCenter.java:1380)
Caused: java.io.IOException: Failed to download from https://updates.jenkins.io/download/plugins/testng-plugin/940.vc244edffc2ec/testng-plugin.hpi
	at hudson.model.UpdateCenter$UpdateCenterConfiguration.download(UpdateCenter.java:1407)
	at hudson.model.UpdateCenter$DownloadJob._run(UpdateCenter.java:2059)
	at hudson.model.UpdateCenter$InstallationJob._run(UpdateCenter.java:2387)
	at hudson.model.UpdateCenter$DownloadJob.run(UpdateCenter.java:2033)
	at java.base/java.util.concurrent.Executors$RunnableAdapter.call(Executors.java:572)
	at java.base/java.util.concurrent.FutureTask.run(FutureTask.java:317)
	at hudson.remoting.AtmostOneThreadExecutor$Worker.run(AtmostOneThreadExecutor.java:121)
	at java.base/java.lang.Thread.run(Thread.java:1583)
2025-12-01 15:29:00.031+0000 [id=434]	INFO	h.m.UpdateCenter$CompleteBatchJob#run: Completing installing of plugin batch…
2025-12-01 15:29:00.379+0000 [id=435]	INFO	jenkins.InitReactorRunner$1#onAttained: Started initialization
2025-12-01 15:29:00.381+0000 [id=439]	INFO	jenkins.InitReactorRunner$1#onAttained: Listed all plugins
2025-12-01 15:29:00.382+0000 [id=444]	INFO	jenkins.InitReactorRunner$1#onAttained: Prepared all plugins
2025-12-01 15:29:00.383+0000 [id=449]	INFO	jenkins.InitReactorRunner$1#onAttained: Started all plugins
2025-12-01 15:29:00.383+0000 [id=437]	INFO	jenkins.InitReactorRunner$1#onAttained: Augmented all extensions
2025-12-01 15:29:00.384+0000 [id=437]	INFO	jenkins.InitReactorRunner$1#onAttained: System config loaded
2025-12-01 15:29:00.384+0000 [id=447]	INFO	jenkins.InitReactorRunner$1#onAttained: System config adapted
2025-12-01 15:29:00.384+0000 [id=447]	INFO	jenkins.InitReactorRunner$1#onAttained: Loaded all jobs
2025-12-01 15:29:00.384+0000 [id=439]	INFO	jenkins.InitReactorRunner$1#onAttained: Configuration for all jobs updated
2025-12-01 15:29:00.384+0000 [id=437]	INFO	jenkins.InitReactorRunner$1#onAttained: Completed initialization
2025-12-01 15:29:00.384+0000 [id=434]	INFO	h.m.UpdateCenter$CompleteBatchJob#run: Completed installation of 0 plugins in 0.81 sec
2025-12-01 15:29:10.146+0000 [id=247]	INFO	hudson.model.UpdateCenter#doSafeRestart: Scheduling Jenkins reboot
2025-12-01 15:29:10.152+0000 [id=452]	INFO	hudson.lifecycle.Lifecycle#onStatusUpdate: Restart in 10 seconds
2025-12-01 15:29:20.154+0000 [id=452]	INFO	hudson.lifecycle.Lifecycle#onStop: Stopping Jenkins as requested by Ashwini
2025-12-01 15:29:20.156+0000 [id=452]	INFO	hudson.lifecycle.Lifecycle#onStatusUpdate: Stopping Jenkins
2025-12-01 15:29:20.177+0000 [id=452]	INFO	jenkins.model.Jenkins$17#onAttained: Started termination
2025-12-01 15:29:20.189+0000 [id=452]	INFO	h.p.b.global.Lifecycle#shutdown: Shutdown complete - Global TimeOut ScheduledExecutorService had 0 tasks pending
2025-12-01 15:29:20.196+0000 [id=452]	INFO	jenkins.model.Jenkins$17#onAttained: Completed termination
2025-12-01 15:29:20.196+0000 [id=452]	INFO	jenkins.model.Jenkins#_cleanUpDisconnectComputers: Starting node disconnection
2025-12-01 15:29:20.200+0000 [id=452]	INFO	jenkins.model.Jenkins#_cleanUpShutdownPluginManager: Stopping plugin manager
2025-12-01 15:29:20.236+0000 [id=452]	INFO	jenkins.model.Jenkins#_cleanUpPersistQueue: Persisting build queue
2025-12-01 15:29:20.243+0000 [id=452]	INFO	jenkins.model.Jenkins#_cleanUpAwaitDisconnects: Waiting for node disconnection completion
2025-12-01 15:29:20.244+0000 [id=452]	INFO	hudson.lifecycle.Lifecycle#onStatusUpdate: Jenkins stopped
2025-12-01 15:29:20.291+0000 [id=34]	WARNING	h.s.HttpSessionContextIntegrationFilter2#hasInvalidSessionSeed: Encountered IllegalStateException trying to get a user. System init may not have completed yet. Invalidating user session.
Error: could not open `C:\Program Files\Java\jdk-21\lib\jvm.cfg'
Error: could not open `C:\Program Files\Java\jdk-21\lib\jvm.cfg'
Error: could not open `C:\Program Files\Java\jdk-21\lib\jvm.cfg'
Error: could not open `C:\Program Files\Java\jdk-21\lib\jvm.cfg'
